{"meta": {"format": 3, "version": "7.12.0", "timestamp": "2026-03-21T21:25:37.487264", "branch_coverage": true, "show_contexts": false}, "files": {"src\\services\\browser_service.py": {"executed_lines": [1, 6, 7, 8, 10, 11, 12, 13, 14, 16, 17, 18, 19, 22, 23, 25, 32, 33, 34, 35, 36, 39, 41, 43, 45, 46, 52, 62, 63, 65, 66, 69, 72, 73, 76, 77, 78, 80, 84, 86, 87, 88, 90, 100, 103, 104, 105, 106, 107, 108, 109, 112, 123, 124, 125, 128, 129, 132, 133, 135, 137, 139, 141, 142, 144, 146, 148, 149, 150, 153, 156, 157, 160, 163, 165, 170, 172, 173, 176, 177, 178, 180, 181, 182, 184, 195, 196, 198, 199, 201, 202, 205, 206, 207, 208, 210, 217, 218, 219, 224, 227, 228, 230, 232, 233, 234, 235, 236, 240, 242, 244, 246], "summary": {"covered_lines": 110, "num_statements": 117, "percent_covered": 93.23308270676692, "percent_covered_display": "93.23", "missing_lines": 7, "excluded_lines": 0, "percent_statements_covered": 94.01709401709402, "percent_statements_covered_display": "94.02", "num_branches": 16, "num_partial_branches": 2, "covered_branches": 14, "missing_branches": 2, "percent_branches_covered": 87.5, "percent_branches_covered_display": "87.50"}, "missing_lines": [143, 167, 168, 220, 221, 237, 238], "excluded_lines": [], "executed_branches": [[62, 63], [62, 65], [123, 124], [123, 128], [142, 144], [149, 150], [149, 153], [195, 196], [198, 199], [198, 201], [217, 218], [217, 224], [232, -230], [232, 233]], "missing_branches": [[142, 143], [195, 198]], "functions": {"BrowserService.__init__": {"executed_lines": [32, 33, 34, 35, 36, 39, 41], "summary": {"covered_lines": 7, "num_statements": 7, "percent_covered": 100.0, "percent_covered_display": "100.00", "missing_lines": 0, "excluded_lines": 0, "percent_statements_covered": 100.0, "percent_statements_covered_display": "100.00", "num_branches": 0, "num_partial_branches": 0, "covered_branches": 0, "missing_branches": 0, "percent_branches_covered": 100.0, "percent_branches_covered_display": "100.00"}, "missing_lines": [], "excluded_lines": [], "executed_branches": [], "missing_branches": []}, "BrowserService._init_anti_crawler": {"executed_lines": [45, 46], "summary": {"covered_lines": 2, "num_statements": 2, "percent_covered": 100.0, "percent_covered_display": "100.00", "missing_lines": 0, "excluded_lines": 0, "percent_statements_covered": 100.0, "percent_statements_covered_display": "100.00", "num_branches": 0, "num_partial_branches": 0, "covered_branches": 0, "missing_branches": 0, "percent_branches_covered": 100.0, "percent_branches_covered_display": "100.00"}, "missing_lines": [], "excluded_lines": [], "executed_branches": [], "missing_branches": []}, "BrowserService.setup_driver": {"executed_lines": [62, 63, 65, 66, 69, 72, 73, 76, 77, 78, 80, 84, 86, 87, 88], "summary": {"covered_lines": 15, "num_statements": 15, "percent_covered": 100.0, "percent_covered_display": "100.00", "missing_lines": 0, "excluded_lines": 0, "percent_statements_covered": 100.0, "percent_statements_covered_display": "100.00", "num_branches": 2, "num_partial_branches": 0, "covered_branches": 2, "missing_branches": 0, "percent_branches_covered": 100.0, "percent_branches_covered_display": "100.00"}, "missing_lines": [], "excluded_lines": [], "executed_branches": [[62, 63], [62, 65]], "missing_branches": []}, "BrowserService._get_chrome_options": {"executed_lines": [100, 103, 104, 105, 106, 107, 108, 109, 112, 123, 124, 125, 128, 129, 132, 133, 135], "summary": {"covered_lines": 17, "num_statements": 17, "percent_covered": 100.0, "percent_covered_display": "100.00", "missing_lines": 0, "excluded_lines": 0, "percent_statements_covered": 100.0, "percent_statements_covered_display": "100.00", "num_branches": 2, "num_partial_branches": 0, "covered_branches": 2, "missing_branches": 0, "percent_branches_covered": 100.0, "percent_branches_covered_display": "100.00"}, "missing_lines": [], "excluded_lines": [], "executed_branches": [[123, 124], [123, 128]], "missing_branches": []}, "BrowserService._get_download_directory": {"executed_lines": [139, 141, 142, 144], "summary": {"covered_lines": 4, "num_statements": 5, "percent_covered": 71.42857142857143, "percent_covered_display": "71.43", "missing_lines": 1, "excluded_lines": 0, "percent_statements_covered": 80.0, "percent_statements_covered_display": "80.00", "num_branches": 2, "num_partial_branches": 1, "covered_branches": 1, "missing_branches": 1, "percent_branches_covered": 50.0, "percent_branches_covered_display": "50.00"}, "missing_lines": [143], "excluded_lines": [], "executed_branches": [[142, 144]], "missing_branches": [[142, 143]]}, "BrowserService.simulate_human_behavior": {"executed_lines": [148, 149, 150, 153, 156, 157, 160, 163, 165], "summary": {"covered_lines": 9, "num_statements": 11, "percent_covered": 84.61538461538461, "percent_covered_display": "84.62", "missing_lines": 2, "excluded_lines": 0, "percent_statements_covered": 81.81818181818181, "percent_statements_covered_display": "81.82", "num_branches": 2, "num_partial_branches": 0, "covered_branches": 2, "missing_branches": 0, "percent_branches_covered": 100.0, "percent_branches_covered_display": "100.00"}, "missing_lines": [167, 168], "excluded_lines": [], "executed_branches": [[149, 150], [149, 153]], "missing_branches": []}, "BrowserService.dynamic_delay": {"executed_lines": [172, 173, 176, 177, 178, 180, 181, 182], "summary": {"covered_lines": 8, "num_statements": 8, "percent_covered": 100.0, "percent_covered_display": "100.00", "missing_lines": 0, "excluded_lines": 0, "percent_statements_covered": 100.0, "percent_statements_covered_display": "100.00", "num_branches": 0, "num_partial_branches": 0, "covered_branches": 0, "missing_branches": 0, "percent_branches_covered": 100.0, "percent_branches_covered_display": "100.00"}, "missing_lines": [], "excluded_lines": [], "executed_branches": [], "missing_branches": []}, "BrowserService.wait_for_element": {"executed_lines": [195, 196, 198, 199, 201, 202, 205, 206, 207, 208], "summary": {"covered_lines": 10, "num_statements": 10, "percent_covered": 92.85714285714286, "percent_covered_display": "92.86", "missing_lines": 0, "excluded_lines": 0, "percent_statements_covered": 100.0, "percent_statements_covered_display": "100.00", "num_branches": 4, "num_partial_branches": 1, "covered_branches": 3, "missing_branches": 1, "percent_branches_covered": 75.0, "percent_branches_covered_display": "75.00"}, "missing_lines": [], "excluded_lines": [], "executed_branches": [[195, 196], [198, 199], [198, 201]], "missing_branches": [[195, 198]]}, "BrowserService.restart_driver": {"executed_lines": [217, 218, 219, 224, 227, 228], "summary": {"covered_lines": 6, "num_statements": 8, "percent_covered": 80.0, "percent_covered_display": "80.00", "missing_lines": 2, "excluded_lines": 0, "percent_statements_covered": 75.0, "percent_statements_covered_display": "75.00", "num_branches": 2, "num_partial_branches": 0, "covered_branches": 2, "missing_branches": 0, "percent_branches_covered": 100.0, "percent_branches_covered_display": "100.00"}, "missing_lines": [220, 221], "excluded_lines": [], "executed_branches": [[217, 218], [217, 224]], "missing_branches": []}, "BrowserService.close": {"executed_lines": [232, 233, 234, 235, 236], "summary": {"covered_lines": 5, "num_statements": 7, "percent_covered": 77.77777777777777, "percent_covered_display": "77.78", "missing_lines": 2, "excluded_lines": 0, "percent_statements_covered": 71.42857142857143, "percent_statements_covered_display": "71.43", "num_branches": 2, "num_partial_branches": 0, "covered_branches": 2, "missing_branches": 0, "percent_branches_covered": 100.0, "percent_branches_covered_display": "100.00"}, "missing_lines": [237, 238], "excluded_lines": [], "executed_branches": [[232, -230], [232, 233]], "missing_branches": []}, "BrowserService.__enter__": {"executed_lines": [242], "summary": {"covered_lines": 1, "num_statements": 1, "percent_covered": 100.0, "percent_covered_display": "100.00", "missing_lines": 0, "excluded_lines": 0, "percent_statements_covered": 100.0, "percent_statements_covered_display": "100.00", "num_branches": 0, "num_partial_branches": 0, "covered_branches": 0, "missing_branches": 0, "percent_branches_covered": 100.0, "percent_branches_covered_display": "100.00"}, "missing_lines": [], "excluded_lines": [], "executed_branches": [], "missing_branches": []}, "BrowserService.__exit__": {"executed_lines": [246], "summary": {"covered_lines": 1, "num_statements": 1, "percent_covered": 100.0, "percent_covered_display": "100.00", "missing_lines": 0, "excluded_lines": 0, "percent_statements_covered": 100.0, "percent_statements_covered_display": "100.00", "num_branches": 0, "num_partial_branches": 0, "covered_branches": 0, "missing_branches": 0, "percent_branches_covered": 100.0, "percent_branches_covered_display": "100.00"}, "missing_lines": [], "excluded_lines": [], "executed_branches": [], "missing_branches": []}, "": {"executed_lines": [1, 6, 7, 8, 10, 11, 12, 13, 14, 16, 17, 18, 19, 22, 23, 25, 43, 52, 90, 137, 146, 170, 184, 210, 230, 240, 244], "summary": {"covered_lines": 25, "num_statements": 25, "percent_covered": 100.0, "percent_covered_display": "100.00", "missing_lines": 0, "excluded_lines": 0, "percent_statements_covered": 100.0, "percent_statements_covered_display": "100.00", "num_branches": 0, "num_partial_branches": 0, "covered_branches": 0, "missing_branches": 0, "percent_branches_covered": 100.0, "percent_branches_covered_display": "100.00"}, "missing_lines": [], "excluded_lines": [], "executed_branches": [], "missing_branches": []}}, "classes": {"BrowserService": {"executed_lines": [32, 33, 34, 35, 36, 39, 41, 45, 46, 62, 63, 65, 66, 69, 72, 73, 76, 77, 78, 80, 84, 86, 87, 88, 100, 103, 104, 105, 106, 107, 108, 109, 112, 123, 124, 125, 128, 129, 132, 133, 135, 139, 141, 142, 144, 148, 149, 150, 153, 156, 157, 160, 163, 165, 172, 173, 176, 177, 178, 180, 181, 182, 195, 196, 198, 199, 201, 202, 205, 206, 207, 208, 217, 218, 219, 224, 227, 228, 232, 233, 234, 235, 236, 242, 246], "summary": {"covered_lines": 85, "num_statements": 92, "percent_covered": 91.66666666666667, "percent_covered_display": "91.67", "missing_lines": 7, "excluded_lines": 0, "percent_statements_covered": 92.3913043478261, "percent_statements_covered_display": "92.39", "num_branches": 16, "num_partial_branches": 2, "covered_branches": 14, "missing_branches": 2, "percent_branches_covered": 87.5, "percent_branches_covered_display": "87.50"}, "missing_lines": [143, 167, 168, 220, 221, 237, 238], "excluded_lines": [], "executed_branches": [[62, 63], [62, 65], [123, 124], [123, 128], [142, 144], [149, 150], [149, 153], [195, 196], [198, 199], [198, 201], [217, 218], [217, 224], [232, -230], [232, 233]], "missing_branches": [[142, 143], [195, 198]]}, "": {"executed_lines": [1, 6, 7, 8, 10, 11, 12, 13, 14, 16, 17, 18, 19, 22, 23, 25, 43, 52, 90, 137, 146, 170, 184, 210, 230, 240, 244], "summary": {"covered_lines": 25, "num_statements": 25, "percent_covered": 100.0, "percent_covered_display": "100.00", "missing_lines": 0, "excluded_lines": 0, "percent_statements_covered": 100.0, "percent_statements_covered_display": "100.00", "num_branches": 0, "num_partial_branches": 0, "covered_branches": 0, "missing_branches": 0, "percent_branches_covered": 100.0, "percent_branches_covered_display": "100.00"}, "missing_lines": [], "excluded_lines": [], "executed_branches": [], "missing_branches": []}}}, "src\\services\\download_helper.py": {"executed_lines": [], "summary": {"covered_lines": 0, "num_statements": 45, "percent_covered": 0.0, "percent_covered_display": "0.00", "missing_lines": 45, "excluded_lines": 1, "percent_statements_covered": 0.0, "percent_statements_covered_display": "0.00", "num_branches": 8, "num_partial_branches": 0, "covered_branches": 0, "missing_branches": 8, "percent_branches_covered": 0.0, "percent_branches_covered_display": "0.00"}, "missing_lines": [9, 11, 13, 16, 19, 26, 27, 29, 46, 49, 63, 65, 66, 69, 70, 71, 72, 73, 75, 76, 78, 79, 81, 82, 83, 86, 89, 97, 98, 100, 114, 116, 117, 120, 121, 122, 123, 124, 126, 127, 129, 130, 132, 133, 134], "excluded_lines": [43], "executed_branches": [], "missing_branches": [[69, 70], [69, 78], [71, 72], [71, 75], [120, 121], [120, 129], [122, 123], [122, 126]], "functions": {"BaseDownloadHelper.__init__": {"executed_lines": [], "summary": {"covered_lines": 0, "num_statements": 2, "percent_covered": 0.0, "percent_covered_display": "0.00", "missing_lines": 2, "excluded_lines": 0, "percent_statements_covered": 0.0, "percent_statements_covered_display": "0.00", "num_branches": 0, "num_partial_branches": 0, "covered_branches": 0, "missing_branches": 0, "percent_branches_covered": 100.0, "percent_branches_covered_display": "100.00"}, "missing_lines": [26, 27], "excluded_lines": [], "executed_branches": [], "missing_branches": []}, "BaseDownloadHelper.download_from_detail_page": {"executed_lines": [], "summary": {"covered_lines": 0, "num_statements": 0, "percent_covered": 100.0, "percent_covered_display": "100.00", "missing_lines": 0, "excluded_lines": 1, "percent_statements_covered": 100.0, "percent_statements_covered_display": "100.00", "num_branches": 0, "num_partial_branches": 0, "covered_branches": 0, "missing_branches": 0, "percent_branches_covered": 100.0, "percent_branches_covered_display": "100.00"}, "missing_lines": [], "excluded_lines": [43], "executed_branches": [], "missing_branches": []}, "PlaywrightDownloadHelper.download_from_detail_page": {"executed_lines": [], "summary": {"covered_lines": 0, "num_statements": 15, "percent_covered": 0.0, "percent_covered_display": "0.00", "missing_lines": 15, "excluded_lines": 0, "percent_statements_covered": 0.0, "percent_statements_covered_display": "0.00", "num_branches": 4, "num_partial_branches": 0, "covered_branches": 0, "missing_branches": 4, "percent_branches_covered": 0.0, "percent_branches_covered_display": "0.00"}, "missing_lines": [63, 65, 66, 69, 70, 71, 72, 73, 75, 76, 78, 79, 81, 82, 83], "excluded_lines": [], "executed_branches": [], "missing_branches": [[69, 70], [69, 78], [71, 72], [71, 75]]}, "SeleniumDownloadHelper.__init__": {"executed_lines": [], "summary": {"covered_lines": 0, "num_statements": 2, "percent_covered": 0.0, "percent_covered_display": "0.00", "missing_lines": 2, "excluded_lines": 0, "percent_statements_covered": 0.0, "percent_statements_covered_display": "0.00", "num_branches": 0, "num_partial_branches": 0, "covered_branches": 0, "missing_branches": 0, "percent_branches_covered": 100.0, "percent_branches_covered_display": "100.00"}, "missing_lines": [97, 98], "excluded_lines": [], "executed_branches": [], "missing_branches": []}, "SeleniumDownloadHelper.download_from_detail_page": {"executed_lines": [], "summary": {"covered_lines": 0, "num_statements": 15, "percent_covered": 0.0, "percent_covered_display": "0.00", "missing_lines": 15, "excluded_lines": 0, "percent_statements_covered": 0.0, "percent_statements_covered_display": "0.00", "num_branches": 4, "num_partial_branches": 0, "covered_branches": 0, "missing_branches": 4, "percent_branches_covered": 0.0, "percent_branches_covered_display": "0.00"}, "missing_lines": [114, 116, 117, 120, 121, 122, 123, 124, 126, 127, 129, 130, 132, 133, 134], "excluded_lines": [], "executed_branches": [], "missing_branches": [[120, 121], [120, 129], [122, 123], [122, 126]]}, "": {"executed_lines": [], "summary": {"covered_lines": 0, "num_statements": 11, "percent_covered": 0.0, "percent_covered_display": "0.00", "missing_lines": 11, "excluded_lines": 0, "percent_statements_covered": 0.0, "percent_statements_covered_display": "0.00", "num_branches": 0, "num_partial_branches": 0, "covered_branches": 0, "missing_branches": 0, "percent_branches_covered": 100.0, "percent_branches_covered_display": "100.00"}, "missing_lines": [9, 11, 13, 16, 19, 29, 46, 49, 86, 89, 100], "excluded_lines": [], "executed_branches": [], "missing_branches": []}}, "classes": {"BaseDownloadHelper": {"executed_lines": [], "summary": {"covered_lines": 0, "num_statements": 2, "percent_covered": 0.0, "percent_covered_display": "0.00", "missing_lines": 2, "excluded_lines": 1, "percent_statements_covered": 0.0, "percent_statements_covered_display": "0.00", "num_branches": 0, "num_partial_branches": 0, "covered_branches": 0, "missing_branches": 0, "percent_branches_covered": 100.0, "percent_branches_covered_display": "100.00"}, "missing_lines": [26, 27], "excluded_lines": [43], "executed_branches": [], "missing_branches": []}, "PlaywrightDownloadHelper": {"executed_lines": [], "summary": {"covered_lines": 0, "num_statements": 15, "percent_covered": 0.0, "percent_covered_display": "0.00", "missing_lines": 15, "excluded_lines": 0, "percent_statements_covered": 0.0, "percent_statements_covered_display": "0.00", "num_branches": 4, "num_partial_branches": 0, "covered_branches": 0, "missing_branches": 4, "percent_branches_covered": 0.0, "percent_branches_covered_display": "0.00"}, "missing_lines": [63, 65, 66, 69, 70, 71, 72, 73, 75, 76, 78, 79, 81, 82, 83], "excluded_lines": [], "executed_branches": [], "missing_branches": [[69, 70], [69, 78], [71, 72], [71, 75]]}, "SeleniumDownloadHelper": {"executed_lines": [], "summary": {"covered_lines": 0, "num_statements": 17, "percent_covered": 0.0, "percent_covered_display": "0.00", "missing_lines": 17, "excluded_lines": 0, "percent_statements_covered": 0.0, "percent_statements_covered_display": "0.00", "num_branches": 4, "num_partial_branches": 0, "covered_branches": 0, "missing_branches": 4, "percent_branches_covered": 0.0, "percent_branches_covered_display": "0.00"}, "missing_lines": [97, 98, 114, 116, 117, 120, 121, 122, 123, 124, 126, 127, 129, 130, 132, 133, 134], "excluded_lines": [], "executed_branches": [], "missing_branches": [[120, 121], [120, 129], [122, 123], [122, 126]]}, "": {"executed_lines": [], "summary": {"covered_lines": 0, "num_statements": 11, "percent_covered": 0.0, "percent_covered_display": "0.00", "missing_lines": 11, "excluded_lines": 0, "percent_statements_covered": 0.0, "percent_statements_covered_display": "0.00", "num_branches": 0, "num_partial_branches": 0, "covered_branches": 0, "missing_branches": 0, "percent_branches_covered": 100.0, "percent_branches_covered_display": "100.00"}, "missing_lines": [9, 11, 13, 16, 19, 29, 46, 49, 86, 89, 100], "excluded_lines": [], "executed_branches": [], "missing_branches": []}}}, "src\\services\\download_helpers.py": {"executed_lines": [1, 6, 7, 8, 9, 10, 12, 13, 14, 16, 19, 20, 22, 52, 53, 55, 59, 97, 98, 100, 103, 112, 117, 118, 120, 121, 123, 141, 145], "summary": {"covered_lines": 24, "num_statements": 64, "percent_covered": 28.571428571428573, "percent_covered_display": "28.57", "missing_lines": 40, "excluded_lines": 0, "percent_statements_covered": 37.5, "percent_statements_covered_display": "37.50", "num_branches": 20, "num_partial_branches": 0, "covered_branches": 0, "missing_branches": 20, "percent_branches_covered": 0.0, "percent_branches_covered_display": "0.00"}, "missing_lines": [33, 34, 35, 36, 37, 39, 40, 44, 45, 46, 47, 48, 49, 56, 57, 66, 67, 69, 70, 72, 75, 80, 81, 83, 84, 85, 86, 87, 88, 89, 90, 91, 93, 94, 101, 110, 114, 132, 143, 147], "excluded_lines": [], "executed_branches": [], "missing_branches": [[33, 34], [33, 35], [36, 37], [36, 49], [39, 40], [39, 44], [45, 36], [45, 46], [47, 36], [47, 48], [69, 70], [69, 72], [80, 81], [80, 83], [83, 84], [83, 94], [86, 83], [86, 87], [88, 83], [88, 89]], "functions": {"KeywordMatcher.matches": {"executed_lines": [], "summary": {"covered_lines": 0, "num_statements": 13, "percent_covered": 0.0, "percent_covered_display": "0.00", "missing_lines": 13, "excluded_lines": 0, "percent_statements_covered": 0.0, "percent_statements_covered_display": "0.00", "num_branches": 10, "num_partial_branches": 0, "covered_branches": 0, "missing_branches": 10, "percent_branches_covered": 0.0, "percent_branches_covered_display": "0.00"}, "missing_lines": [33, 34, 35, 36, 37, 39, 40, 44, 45, 46, 47, 48, 49], "excluded_lines": [], "executed_branches": [], "missing_branches": [[33, 34], [33, 35], [36, 37], [36, 49], [39, 40], [39, 44], [45, 36], [45, 46], [47, 36], [47, 48]]}, "LinkExtractor.__init__": {"executed_lines": [], "summary": {"covered_lines": 0, "num_statements": 2, "percent_covered": 0.0, "percent_covered_display": "0.00", "missing_lines": 2, "excluded_lines": 0, "percent_statements_covered": 0.0, "percent_statements_covered_display": "0.00", "num_branches": 0, "num_partial_branches": 0, "covered_branches": 0, "missing_branches": 0, "percent_branches_covered": 100.0, "percent_branches_covered_display": "100.00"}, "missing_lines": [56, 57], "excluded_lines": [], "executed_branches": [], "missing_branches": []}, "LinkExtractor.get_links_safe": {"executed_lines": [], "summary": {"covered_lines": 0, "num_statements": 19, "percent_covered": 0.0, "percent_covered_display": "0.00", "missing_lines": 19, "excluded_lines": 0, "percent_statements_covered": 0.0, "percent_statements_covered_display": "0.00", "num_branches": 10, "num_partial_branches": 0, "covered_branches": 0, "missing_branches": 10, "percent_branches_covered": 0.0, "percent_branches_covered_display": "0.00"}, "missing_lines": [66, 67, 69, 70, 72, 75, 80, 81, 83, 84, 85, 86, 87, 88, 89, 90, 91, 93, 94], "excluded_lines": [], "executed_branches": [], "missing_branches": [[69, 70], [69, 72], [80, 81], [80, 83], [83, 84], [83, 94], [86, 83], [86, 87], [88, 83], [88, 89]]}, "PaginationHandler.__init__": {"executed_lines": [], "summary": {"covered_lines": 0, "num_statements": 1, "percent_covered": 0.0, "percent_covered_display": "0.00", "missing_lines": 1, "excluded_lines": 0, "percent_statements_covered": 0.0, "percent_statements_covered_display": "0.00", "num_branches": 0, "num_partial_branches": 0, "covered_branches": 0, "missing_branches": 0, "percent_branches_covered": 100.0, "percent_branches_covered_display": "100.00"}, "missing_lines": [101], "excluded_lines": [], "executed_branches": [], "missing_branches": []}, "PaginationHandler.go_to_next_page": {"executed_lines": [], "summary": {"covered_lines": 0, "num_statements": 1, "percent_covered": 0.0, "percent_covered_display": "0.00", "missing_lines": 1, "excluded_lines": 0, "percent_statements_covered": 0.0, "percent_statements_covered_display": "0.00", "num_branches": 0, "num_partial_branches": 0, "covered_branches": 0, "missing_branches": 0, "percent_branches_covered": 100.0, "percent_branches_covered_display": "100.00"}, "missing_lines": [110], "excluded_lines": [], "executed_branches": [], "missing_branches": []}, "PaginationHandler.wait_after_page_change": {"executed_lines": [], "summary": {"covered_lines": 0, "num_statements": 1, "percent_covered": 0.0, "percent_covered_display": "0.00", "missing_lines": 1, "excluded_lines": 0, "percent_statements_covered": 0.0, "percent_statements_covered_display": "0.00", "num_branches": 0, "num_partial_branches": 0, "covered_branches": 0, "missing_branches": 0, "percent_branches_covered": 100.0, "percent_branches_covered_display": "100.00"}, "missing_lines": [114], "excluded_lines": [], "executed_branches": [], "missing_branches": []}, "DownloadHistoryTracker.__init__": {"executed_lines": [121], "summary": {"covered_lines": 1, "num_statements": 1, "percent_covered": 100.0, "percent_covered_display": "100.00", "missing_lines": 0, "excluded_lines": 0, "percent_statements_covered": 100.0, "percent_statements_covered_display": "100.00", "num_branches": 0, "num_partial_branches": 0, "covered_branches": 0, "missing_branches": 0, "percent_branches_covered": 100.0, "percent_branches_covered_display": "100.00"}, "missing_lines": [], "excluded_lines": [], "executed_branches": [], "missing_branches": []}, "DownloadHistoryTracker.add_record": {"executed_lines": [], "summary": {"covered_lines": 0, "num_statements": 1, "percent_covered": 0.0, "percent_covered_display": "0.00", "missing_lines": 1, "excluded_lines": 0, "percent_statements_covered": 0.0, "percent_statements_covered_display": "0.00", "num_branches": 0, "num_partial_branches": 0, "covered_branches": 0, "missing_branches": 0, "percent_branches_covered": 100.0, "percent_branches_covered_display": "100.00"}, "missing_lines": [132], "excluded_lines": [], "executed_branches": [], "missing_branches": []}, "DownloadHistoryTracker.get_history": {"executed_lines": [], "summary": {"covered_lines": 0, "num_statements": 1, "percent_covered": 0.0, "percent_covered_display": "0.00", "missing_lines": 1, "excluded_lines": 0, "percent_statements_covered": 0.0, "percent_statements_covered_display": "0.00", "num_branches": 0, "num_partial_branches": 0, "covered_branches": 0, "missing_branches": 0, "percent_branches_covered": 100.0, "percent_branches_covered_display": "100.00"}, "missing_lines": [143], "excluded_lines": [], "executed_branches": [], "missing_branches": []}, "DownloadHistoryTracker.clear": {"executed_lines": [], "summary": {"covered_lines": 0, "num_statements": 1, "percent_covered": 0.0, "percent_covered_display": "0.00", "missing_lines": 1, "excluded_lines": 0, "percent_statements_covered": 0.0, "percent_statements_covered_display": "0.00", "num_branches": 0, "num_partial_branches": 0, "covered_branches": 0, "missing_branches": 0, "percent_branches_covered": 100.0, "percent_branches_covered_display": "100.00"}, "missing_lines": [147], "excluded_lines": [], "executed_branches": [], "missing_branches": []}, "": {"executed_lines": [1, 6, 7, 8, 9, 10, 12, 13, 14, 16, 19, 20, 22, 52, 53, 55, 59, 97, 98, 100, 103, 112, 117, 118, 120, 123, 141, 145], "summary": {"covered_lines": 23, "num_statements": 23, "percent_covered": 100.0, "percent_covered_display": "100.00", "missing_lines": 0, "excluded_lines": 0, "percent_statements_covered": 100.0, "percent_statements_covered_display": "100.00", "num_branches": 0, "num_partial_branches": 0, "covered_branches": 0, "missing_branches": 0, "percent_branches_covered": 100.0, "percent_branches_covered_display": "100.00"}, "missing_lines": [], "excluded_lines": [], "executed_branches": [], "missing_branches": []}}, "classes": {"KeywordMatcher": {"executed_lines": [], "summary": {"covered_lines": 0, "num_statements": 13, "percent_covered": 0.0, "percent_covered_display": "0.00", "missing_lines": 13, "excluded_lines": 0, "percent_statements_covered": 0.0, "percent_statements_covered_display": "0.00", "num_branches": 10, "num_partial_branches": 0, "covered_branches": 0, "missing_branches": 10, "percent_branches_covered": 0.0, "percent_branches_covered_display": "0.00"}, "missing_lines": [33, 34, 35, 36, 37, 39, 40, 44, 45, 46, 47, 48, 49], "excluded_lines": [], "executed_branches": [], "missing_branches": [[33, 34], [33, 35], [36, 37], [36, 49], [39, 40], [39, 44], [45, 36], [45, 46], [47, 36], [47, 48]]}, "LinkExtractor": {"executed_lines": [], "summary": {"covered_lines": 0, "num_statements": 21, "percent_covered": 0.0, "percent_covered_display": "0.00", "missing_lines": 21, "excluded_lines": 0, "percent_statements_covered": 0.0, "percent_statements_covered_display": "0.00", "num_branches": 10, "num_partial_branches": 0, "covered_branches": 0, "missing_branches": 10, "percent_branches_covered": 0.0, "percent_branches_covered_display": "0.00"}, "missing_lines": [56, 57, 66, 67, 69, 70, 72, 75, 80, 81, 83, 84, 85, 86, 87, 88, 89, 90, 91, 93, 94], "excluded_lines": [], "executed_branches": [], "missing_branches": [[69, 70], [69, 72], [80, 81], [80, 83], [83, 84], [83, 94], [86, 83], [86, 87], [88, 83], [88, 89]]}, "PaginationHandler": {"executed_lines": [], "summary": {"covered_lines": 0, "num_statements": 3, "percent_covered": 0.0, "percent_covered_display": "0.00", "missing_lines": 3, "excluded_lines": 0, "percent_statements_covered": 0.0, "percent_statements_covered_display": "0.00", "num_branches": 0, "num_partial_branches": 0, "covered_branches": 0, "missing_branches": 0, "percent_branches_covered": 100.0, "percent_branches_covered_display": "100.00"}, "missing_lines": [101, 110, 114], "excluded_lines": [], "executed_branches": [], "missing_branches": []}, "DownloadHistoryTracker": {"executed_lines": [121], "summary": {"covered_lines": 1, "num_statements": 4, "percent_covered": 25.0, "percent_covered_display": "25.00", "missing_lines": 3, "excluded_lines": 0, "percent_statements_covered": 25.0, "percent_statements_covered_display": "25.00", "num_branches": 0, "num_partial_branches": 0, "covered_branches": 0, "missing_branches": 0, "percent_branches_covered": 100.0, "percent_branches_covered_display": "100.00"}, "missing_lines": [132, 143, 147], "excluded_lines": [], "executed_branches": [], "missing_branches": []}, "": {"executed_lines": [1, 6, 7, 8, 9, 10, 12, 13, 14, 16, 19, 20, 22, 52, 53, 55, 59, 97, 98, 100, 103, 112, 117, 118, 120, 123, 141, 145], "summary": {"covered_lines": 23, "num_statements": 23, "percent_covered": 100.0, "percent_covered_display": "100.00", "missing_lines": 0, "excluded_lines": 0, "percent_statements_covered": 100.0, "percent_statements_covered_display": "100.00", "num_branches": 0, "num_partial_branches": 0, "covered_branches": 0, "missing_branches": 0, "percent_branches_covered": 100.0, "percent_branches_covered_display": "100.00"}, "missing_lines": [], "excluded_lines": [], "executed_branches": [], "missing_branches": []}}}, "src\\services\\downloader_factory.py": {"executed_lines": [], "summary": {"covered_lines": 0, "num_statements": 89, "percent_covered": 0.0, "percent_covered_display": "0.00", "missing_lines": 89, "excluded_lines": 0, "percent_statements_covered": 0.0, "percent_statements_covered_display": "0.00", "num_branches": 16, "num_partial_branches": 0, "covered_branches": 0, "missing_branches": 16, "percent_branches_covered": 0.0, "percent_branches_covered_display": "0.00"}, "missing_lines": [6, 8, 9, 10, 11, 14, 17, 22, 29, 30, 32, 46, 47, 48, 53, 55, 57, 58, 60, 61, 62, 64, 65, 66, 68, 78, 83, 84, 85, 86, 87, 90, 95, 97, 104, 106, 116, 117, 119, 127, 128, 130, 137, 139, 149, 150, 152, 153, 161, 168, 169, 170, 171, 173, 175, 185, 188, 191, 199, 200, 201, 204, 207, 209, 230, 231, 232, 235, 236, 240, 241, 242, 245, 246, 253, 257, 258, 259, 261, 269, 270, 271, 272, 273, 275, 276, 277, 279, 286], "excluded_lines": [], "executed_branches": [], "missing_branches": [[46, 47], [46, 53], [83, 84], [83, 85], [85, 86], [85, 95], [149, 150], [149, 152], [169, 170], [169, 173], [235, 236], [235, 245], [240, 241], [240, 242], [245, 246], [245, 253]], "functions": {"DownloaderFactory.__init__": {"executed_lines": [], "summary": {"covered_lines": 0, "num_statements": 2, "percent_covered": 0.0, "percent_covered_display": "0.00", "missing_lines": 2, "excluded_lines": 0, "percent_statements_covered": 0.0, "percent_statements_covered_display": "0.00", "num_branches": 0, "num_partial_branches": 0, "covered_branches": 0, "missing_branches": 0, "percent_branches_covered": 100.0, "percent_branches_covered_display": "100.00"}, "missing_lines": [29, 30], "excluded_lines": [], "executed_branches": [], "missing_branches": []}, "DownloaderFactory.create_downloader": {"executed_lines": [], "summary": {"covered_lines": 0, "num_statements": 13, "percent_covered": 0.0, "percent_covered_display": "0.00", "missing_lines": 13, "excluded_lines": 0, "percent_statements_covered": 0.0, "percent_statements_covered_display": "0.00", "num_branches": 2, "num_partial_branches": 0, "covered_branches": 0, "missing_branches": 2, "percent_branches_covered": 0.0, "percent_branches_covered_display": "0.00"}, "missing_lines": [46, 47, 48, 53, 55, 57, 58, 60, 61, 62, 64, 65, 66], "excluded_lines": [], "executed_branches": [], "missing_branches": [[46, 47], [46, 53]]}, "DownloaderFactory._get_config_kwargs": {"executed_lines": [], "summary": {"covered_lines": 0, "num_statements": 8, "percent_covered": 0.0, "percent_covered_display": "0.00", "missing_lines": 8, "excluded_lines": 0, "percent_statements_covered": 0.0, "percent_statements_covered_display": "0.00", "num_branches": 4, "num_partial_branches": 0, "covered_branches": 0, "missing_branches": 4, "percent_branches_covered": 0.0, "percent_branches_covered_display": "0.00"}, "missing_lines": [78, 83, 84, 85, 86, 87, 90, 95], "excluded_lines": [], "executed_branches": [], "missing_branches": [[83, 84], [83, 85], [85, 86], [85, 95]]}, "DownloaderFactory.get_default_downloader_type": {"executed_lines": [], "summary": {"covered_lines": 0, "num_statements": 1, "percent_covered": 0.0, "percent_covered_display": "0.00", "missing_lines": 1, "excluded_lines": 0, "percent_statements_covered": 0.0, "percent_statements_covered_display": "0.00", "num_branches": 0, "num_partial_branches": 0, "covered_branches": 0, "missing_branches": 0, "percent_branches_covered": 100.0, "percent_branches_covered_display": "100.00"}, "missing_lines": [104], "excluded_lines": [], "executed_branches": [], "missing_branches": []}, "DownloaderFactory.create_default_downloader": {"executed_lines": [], "summary": {"covered_lines": 0, "num_statements": 2, "percent_covered": 0.0, "percent_covered_display": "0.00", "missing_lines": 2, "excluded_lines": 0, "percent_statements_covered": 0.0, "percent_statements_covered_display": "0.00", "num_branches": 0, "num_partial_branches": 0, "covered_branches": 0, "missing_branches": 0, "percent_branches_covered": 100.0, "percent_branches_covered_display": "100.00"}, "missing_lines": [116, 117], "excluded_lines": [], "executed_branches": [], "missing_branches": []}, "DownloaderFactory.register_downloader": {"executed_lines": [], "summary": {"covered_lines": 0, "num_statements": 2, "percent_covered": 0.0, "percent_covered_display": "0.00", "missing_lines": 2, "excluded_lines": 0, "percent_statements_covered": 0.0, "percent_statements_covered_display": "0.00", "num_branches": 0, "num_partial_branches": 0, "covered_branches": 0, "missing_branches": 0, "percent_branches_covered": 100.0, "percent_branches_covered_display": "100.00"}, "missing_lines": [127, 128], "excluded_lines": [], "executed_branches": [], "missing_branches": []}, "DownloaderFactory.list_available_downloaders": {"executed_lines": [], "summary": {"covered_lines": 0, "num_statements": 1, "percent_covered": 0.0, "percent_covered_display": "0.00", "missing_lines": 1, "excluded_lines": 0, "percent_statements_covered": 0.0, "percent_statements_covered_display": "0.00", "num_branches": 0, "num_partial_branches": 0, "covered_branches": 0, "missing_branches": 0, "percent_branches_covered": 100.0, "percent_branches_covered_display": "100.00"}, "missing_lines": [137], "excluded_lines": [], "executed_branches": [], "missing_branches": []}, "DownloaderFactory.get_downloader_info": {"executed_lines": [], "summary": {"covered_lines": 0, "num_statements": 4, "percent_covered": 0.0, "percent_covered_display": "0.00", "missing_lines": 4, "excluded_lines": 0, "percent_statements_covered": 0.0, "percent_statements_covered_display": "0.00", "num_branches": 2, "num_partial_branches": 0, "covered_branches": 0, "missing_branches": 2, "percent_branches_covered": 0.0, "percent_branches_covered_display": "0.00"}, "missing_lines": [149, 150, 152, 153], "excluded_lines": [], "executed_branches": [], "missing_branches": [[149, 150], [149, 152]]}, "DownloaderFactory.compare_downloaders": {"executed_lines": [], "summary": {"covered_lines": 0, "num_statements": 5, "percent_covered": 0.0, "percent_covered_display": "0.00", "missing_lines": 5, "excluded_lines": 0, "percent_statements_covered": 0.0, "percent_statements_covered_display": "0.00", "num_branches": 2, "num_partial_branches": 0, "covered_branches": 0, "missing_branches": 2, "percent_branches_covered": 0.0, "percent_branches_covered_display": "0.00"}, "missing_lines": [168, 169, 170, 171, 173], "excluded_lines": [], "executed_branches": [], "missing_branches": [[169, 170], [169, 173]]}, "DownloaderFactory.create_unified_downloader": {"executed_lines": [], "summary": {"covered_lines": 0, "num_statements": 1, "percent_covered": 0.0, "percent_covered_display": "0.00", "missing_lines": 1, "excluded_lines": 0, "percent_statements_covered": 0.0, "percent_statements_covered_display": "0.00", "num_branches": 0, "num_partial_branches": 0, "covered_branches": 0, "missing_branches": 0, "percent_branches_covered": 100.0, "percent_branches_covered_display": "100.00"}, "missing_lines": [185], "excluded_lines": [], "executed_branches": [], "missing_branches": []}, "UnifiedDownloader.__init__": {"executed_lines": [], "summary": {"covered_lines": 0, "num_statements": 5, "percent_covered": 0.0, "percent_covered_display": "0.00", "missing_lines": 5, "excluded_lines": 0, "percent_statements_covered": 0.0, "percent_statements_covered_display": "0.00", "num_branches": 0, "num_partial_branches": 0, "covered_branches": 0, "missing_branches": 0, "percent_branches_covered": 100.0, "percent_branches_covered_display": "100.00"}, "missing_lines": [199, 200, 201, 204, 207], "excluded_lines": [], "executed_branches": [], "missing_branches": []}, "UnifiedDownloader.download_stock_pdfs": {"executed_lines": [], "summary": {"covered_lines": 0, "num_statements": 14, "percent_covered": 0.0, "percent_covered_display": "0.00", "missing_lines": 14, "excluded_lines": 0, "percent_statements_covered": 0.0, "percent_statements_covered_display": "0.00", "num_branches": 6, "num_partial_branches": 0, "covered_branches": 0, "missing_branches": 6, "percent_branches_covered": 0.0, "percent_branches_covered_display": "0.00"}, "missing_lines": [230, 231, 232, 235, 236, 240, 241, 242, 245, 246, 253, 257, 258, 259], "excluded_lines": [], "executed_branches": [], "missing_branches": [[235, 236], [235, 245], [240, 241], [240, 242], [245, 246], [245, 253]]}, "UnifiedDownloader.switch_downloader": {"executed_lines": [], "summary": {"covered_lines": 0, "num_statements": 8, "percent_covered": 0.0, "percent_covered_display": "0.00", "missing_lines": 8, "excluded_lines": 0, "percent_statements_covered": 0.0, "percent_statements_covered_display": "0.00", "num_branches": 0, "num_partial_branches": 0, "covered_branches": 0, "missing_branches": 0, "percent_branches_covered": 100.0, "percent_branches_covered_display": "100.00"}, "missing_lines": [269, 270, 271, 272, 273, 275, 276, 277], "excluded_lines": [], "executed_branches": [], "missing_branches": []}, "UnifiedDownloader.get_current_downloader_info": {"executed_lines": [], "summary": {"covered_lines": 0, "num_statements": 1, "percent_covered": 0.0, "percent_covered_display": "0.00", "missing_lines": 1, "excluded_lines": 0, "percent_statements_covered": 0.0, "percent_statements_covered_display": "0.00", "num_branches": 0, "num_partial_branches": 0, "covered_branches": 0, "missing_branches": 0, "percent_branches_covered": 100.0, "percent_branches_covered_display": "100.00"}, "missing_lines": [286], "excluded_lines": [], "executed_branches": [], "missing_branches": []}, "": {"executed_lines": [], "summary": {"covered_lines": 0, "num_statements": 22, "percent_covered": 0.0, "percent_covered_display": "0.00", "missing_lines": 22, "excluded_lines": 0, "percent_statements_covered": 0.0, "percent_statements_covered_display": "0.00", "num_branches": 0, "num_partial_branches": 0, "covered_branches": 0, "missing_branches": 0, "percent_branches_covered": 100.0, "percent_branches_covered_display": "100.00"}, "missing_lines": [6, 8, 9, 10, 11, 14, 17, 22, 32, 68, 97, 106, 119, 130, 139, 161, 175, 188, 191, 209, 261, 279], "excluded_lines": [], "executed_branches": [], "missing_branches": []}}, "classes": {"DownloaderFactory": {"executed_lines": [], "summary": {"covered_lines": 0, "num_statements": 39, "percent_covered": 0.0, "percent_covered_display": "0.00", "missing_lines": 39, "excluded_lines": 0, "percent_statements_covered": 0.0, "percent_statements_covered_display": "0.00", "num_branches": 10, "num_partial_branches": 0, "covered_branches": 0, "missing_branches": 10, "percent_branches_covered": 0.0, "percent_branches_covered_display": "0.00"}, "missing_lines": [29, 30, 46, 47, 48, 53, 55, 57, 58, 60, 61, 62, 64, 65, 66, 78, 83, 84, 85, 86, 87, 90, 95, 104, 116, 117, 127, 128, 137, 149, 150, 152, 153, 168, 169, 170, 171, 173, 185], "excluded_lines": [], "executed_branches": [], "missing_branches": [[46, 47], [46, 53], [83, 84], [83, 85], [85, 86], [85, 95], [149, 150], [149, 152], [169, 170], [169, 173]]}, "UnifiedDownloader": {"executed_lines": [], "summary": {"covered_lines": 0, "num_statements": 28, "percent_covered": 0.0, "percent_covered_display": "0.00", "missing_lines": 28, "excluded_lines": 0, "percent_statements_covered": 0.0, "percent_statements_covered_display": "0.00", "num_branches": 6, "num_partial_branches": 0, "covered_branches": 0, "missing_branches": 6, "percent_branches_covered": 0.0, "percent_branches_covered_display": "0.00"}, "missing_lines": [199, 200, 201, 204, 207, 230, 231, 232, 235, 236, 240, 241, 242, 245, 246, 253, 257, 258, 259, 269, 270, 271, 272, 273, 275, 276, 277, 286], "excluded_lines": [], "executed_branches": [], "missing_branches": [[235, 236], [235, 245], [240, 241], [240, 242], [245, 246], [245, 253]]}, "": {"executed_lines": [], "summary": {"covered_lines": 0, "num_statements": 22, "percent_covered": 0.0, "percent_covered_display": "0.00", "missing_lines": 22, "excluded_lines": 0, "percent_statements_covered": 0.0, "percent_statements_covered_display": "0.00", "num_branches": 0, "num_partial_branches": 0, "covered_branches": 0, "missing_branches": 0, "percent_branches_covered": 100.0, "percent_branches_covered_display": "100.00"}, "missing_lines": [6, 8, 9, 10, 11, 14, 17, 22, 32, 68, 97, 106, 119, 130, 139, 161, 175, 188, 191, 209, 261, 279], "excluded_lines": [], "executed_branches": [], "missing_branches": []}}}, "src\\services\\file_service.py": {"executed_lines": [1, 6, 7, 8, 9, 10, 11, 13, 14, 15, 18, 19, 21, 28, 29, 31, 42, 44, 45, 46, 49, 50, 54, 59, 61, 72, 73, 74, 77, 78, 80, 82, 101, 102, 103, 104, 107, 108, 111, 112, 114, 116, 117, 118, 120, 132, 133, 134, 137, 140, 141, 143, 145, 147, 160, 161, 162, 163, 165, 168, 169, 172, 175, 176, 177, 180, 184, 185, 186, 187, 189, 190, 196, 207, 208, 209, 210, 212, 213, 214, 216, 217, 218, 221, 222, 223, 224, 226, 227, 233, 243, 244, 245, 246, 248, 249, 258, 259, 260, 262, 273, 274, 275, 276, 277, 279, 280, 283, 284, 285, 288, 289, 291, 293, 294, 295], "summary": {"covered_lines": 114, "num_statements": 122, "percent_covered": 94.0, "percent_covered_display": "94.00", "missing_lines": 8, "excluded_lines": 0, "percent_statements_covered": 93.44262295081967, "percent_statements_covered_display": "93.44", "num_branches": 28, "num_partial_branches": 1, "covered_branches": 27, "missing_branches": 1, "percent_branches_covered": 96.42857142857143, "percent_branches_covered_display": "96.43"}, "missing_lines": [55, 57, 192, 193, 194, 229, 230, 231], "excluded_lines": [], "executed_branches": [[45, 46], [45, 49], [49, 50], [49, 54], [102, 103], [102, 107], [140, 141], [140, 143], [161, 162], [161, 165], [168, 169], [168, 175], [175, 176], [175, 180], [185, 186], [185, 189], [209, 210], [209, 212], [216, 217], [216, 226], [217, 218], [221, 216], [221, 222], [245, 246], [245, 248], [275, 276], [275, 279]], "missing_branches": [[217, 216]], "functions": {"FileService.__init__": {"executed_lines": [28, 29], "summary": {"covered_lines": 2, "num_statements": 2, "percent_covered": 100.0, "percent_covered_display": "100.00", "missing_lines": 0, "excluded_lines": 0, "percent_statements_covered": 100.0, "percent_statements_covered_display": "100.00", "num_branches": 0, "num_partial_branches": 0, "covered_branches": 0, "missing_branches": 0, "percent_branches_covered": 100.0, "percent_branches_covered_display": "100.00"}, "missing_lines": [], "excluded_lines": [], "executed_branches": [], "missing_branches": []}, "FileService.clean_filename": {"executed_lines": [42, 44, 45, 46, 49, 50, 54, 59], "summary": {"covered_lines": 8, "num_statements": 10, "percent_covered": 85.71428571428571, "percent_covered_display": "85.71", "missing_lines": 2, "excluded_lines": 0, "percent_statements_covered": 80.0, "percent_statements_covered_display": "80.00", "num_branches": 4, "num_partial_branches": 0, "covered_branches": 4, "missing_branches": 0, "percent_branches_covered": 100.0, "percent_branches_covered_display": "100.00"}, "missing_lines": [55, 57], "excluded_lines": [], "executed_branches": [[45, 46], [45, 49], [49, 50], [49, 54]], "missing_branches": []}, "FileService.get_stock_directory": {"executed_lines": [72, 73, 74, 77, 78, 80], "summary": {"covered_lines": 6, "num_statements": 6, "percent_covered": 100.0, "percent_covered_display": "100.00", "missing_lines": 0, "excluded_lines": 0, "percent_statements_covered": 100.0, "percent_statements_covered_display": "100.00", "num_branches": 0, "num_partial_branches": 0, "covered_branches": 0, "missing_branches": 0, "percent_branches_covered": 100.0, "percent_branches_covered_display": "100.00"}, "missing_lines": [], "excluded_lines": [], "executed_branches": [], "missing_branches": []}, "FileService.save_downloaded_file": {"executed_lines": [101, 102, 103, 104, 107, 108, 111, 112, 114, 116, 117, 118], "summary": {"covered_lines": 12, "num_statements": 12, "percent_covered": 100.0, "percent_covered_display": "100.00", "missing_lines": 0, "excluded_lines": 0, "percent_statements_covered": 100.0, "percent_statements_covered_display": "100.00", "num_branches": 2, "num_partial_branches": 0, "covered_branches": 2, "missing_branches": 0, "percent_branches_covered": 100.0, "percent_branches_covered_display": "100.00"}, "missing_lines": [], "excluded_lines": [], "executed_branches": [[102, 103], [102, 107]], "missing_branches": []}, "FileService._generate_filename": {"executed_lines": [132, 133, 134, 137, 140, 141, 143, 145], "summary": {"covered_lines": 8, "num_statements": 8, "percent_covered": 100.0, "percent_covered_display": "100.00", "missing_lines": 0, "excluded_lines": 0, "percent_statements_covered": 100.0, "percent_statements_covered_display": "100.00", "num_branches": 2, "num_partial_branches": 0, "covered_branches": 2, "missing_branches": 0, "percent_branches_covered": 100.0, "percent_branches_covered_display": "100.00"}, "missing_lines": [], "excluded_lines": [], "executed_branches": [[140, 141], [140, 143]], "missing_branches": []}, "FileService.validate_downloaded_file": {"executed_lines": [160, 161, 162, 163, 165, 168, 169, 172, 175, 176, 177, 180, 184, 185, 186, 187, 189, 190], "summary": {"covered_lines": 18, "num_statements": 21, "percent_covered": 89.65517241379311, "percent_covered_display": "89.66", "missing_lines": 3, "excluded_lines": 0, "percent_statements_covered": 85.71428571428571, "percent_statements_covered_display": "85.71", "num_branches": 8, "num_partial_branches": 0, "covered_branches": 8, "missing_branches": 0, "percent_branches_covered": 100.0, "percent_branches_covered_display": "100.00"}, "missing_lines": [192, 193, 194], "excluded_lines": [], "executed_branches": [[161, 162], [161, 165], [168, 169], [168, 175], [175, 176], [175, 180], [185, 186], [185, 189]], "missing_branches": []}, "FileService.cleanup_temp_files": {"executed_lines": [207, 208, 209, 210, 212, 213, 214, 216, 217, 218, 221, 222, 223, 224, 226, 227], "summary": {"covered_lines": 16, "num_statements": 19, "percent_covered": 85.18518518518519, "percent_covered_display": "85.19", "missing_lines": 3, "excluded_lines": 0, "percent_statements_covered": 84.21052631578948, "percent_statements_covered_display": "84.21", "num_branches": 8, "num_partial_branches": 1, "covered_branches": 7, "missing_branches": 1, "percent_branches_covered": 87.5, "percent_branches_covered_display": "87.50"}, "missing_lines": [229, 230, 231], "excluded_lines": [], "executed_branches": [[209, 210], [209, 212], [216, 217], [216, 226], [217, 218], [221, 216], [221, 222]], "missing_branches": [[217, 216]]}, "FileService.get_file_info": {"executed_lines": [243, 244, 245, 246, 248, 249, 258, 259, 260], "summary": {"covered_lines": 9, "num_statements": 9, "percent_covered": 100.0, "percent_covered_display": "100.00", "missing_lines": 0, "excluded_lines": 0, "percent_statements_covered": 100.0, "percent_statements_covered_display": "100.00", "num_branches": 2, "num_partial_branches": 0, "covered_branches": 2, "missing_branches": 0, "percent_branches_covered": 100.0, "percent_branches_covered_display": "100.00"}, "missing_lines": [], "excluded_lines": [], "executed_branches": [[245, 246], [245, 248]], "missing_branches": []}, "FileService.backup_file": {"executed_lines": [273, 274, 275, 276, 277, 279, 280, 283, 284, 285, 288, 289, 291, 293, 294, 295], "summary": {"covered_lines": 16, "num_statements": 16, "percent_covered": 100.0, "percent_covered_display": "100.00", "missing_lines": 0, "excluded_lines": 0, "percent_statements_covered": 100.0, "percent_statements_covered_display": "100.00", "num_branches": 2, "num_partial_branches": 0, "covered_branches": 2, "missing_branches": 0, "percent_branches_covered": 100.0, "percent_branches_covered_display": "100.00"}, "missing_lines": [], "excluded_lines": [], "executed_branches": [[275, 276], [275, 279]], "missing_branches": []}, "": {"executed_lines": [1, 6, 7, 8, 9, 10, 11, 13, 14, 15, 18, 19, 21, 31, 61, 82, 120, 147, 196, 233, 262], "summary": {"covered_lines": 19, "num_statements": 19, "percent_covered": 100.0, "percent_covered_display": "100.00", "missing_lines": 0, "excluded_lines": 0, "percent_statements_covered": 100.0, "percent_statements_covered_display": "100.00", "num_branches": 0, "num_partial_branches": 0, "covered_branches": 0, "missing_branches": 0, "percent_branches_covered": 100.0, "percent_branches_covered_display": "100.00"}, "missing_lines": [], "excluded_lines": [], "executed_branches": [], "missing_branches": []}}, "classes": {"FileService": {"executed_lines": [28, 29, 42, 44, 45, 46, 49, 50, 54, 59, 72, 73, 74, 77, 78, 80, 101, 102, 103, 104, 107, 108, 111, 112, 114, 116, 117, 118, 132, 133, 134, 137, 140, 141, 143, 145, 160, 161, 162, 163, 165, 168, 169, 172, 175, 176, 177, 180, 184, 185, 186, 187, 189, 190, 207, 208, 209, 210, 212, 213, 214, 216, 217, 218, 221, 222, 223, 224, 226, 227, 243, 244, 245, 246, 248, 249, 258, 259, 260, 273, 274, 275, 276, 277, 279, 280, 283, 284, 285, 288, 289, 291, 293, 294, 295], "summary": {"covered_lines": 95, "num_statements": 103, "percent_covered": 93.12977099236642, "percent_covered_display": "93.13", "missing_lines": 8, "excluded_lines": 0, "percent_statements_covered": 92.23300970873787, "percent_statements_covered_display": "92.23", "num_branches": 28, "num_partial_branches": 1, "covered_branches": 27, "missing_branches": 1, "percent_branches_covered": 96.42857142857143, "percent_branches_covered_display": "96.43"}, "missing_lines": [55, 57, 192, 193, 194, 229, 230, 231], "excluded_lines": [], "executed_branches": [[45, 46], [45, 49], [49, 50], [49, 54], [102, 103], [102, 107], [140, 141], [140, 143], [161, 162], [161, 165], [168, 169], [168, 175], [175, 176], [175, 180], [185, 186], [185, 189], [209, 210], [209, 212], [216, 217], [216, 226], [217, 218], [221, 216], [221, 222], [245, 246], [245, 248], [275, 276], [275, 279]], "missing_branches": [[217, 216]]}, "": {"executed_lines": [1, 6, 7, 8, 9, 10, 11, 13, 14, 15, 18, 19, 21, 31, 61, 82, 120, 147, 196, 233, 262], "summary": {"covered_lines": 19, "num_statements": 19, "percent_covered": 100.0, "percent_covered_display": "100.00", "missing_lines": 0, "excluded_lines": 0, "percent_statements_covered": 100.0, "percent_statements_covered_display": "100.00", "num_branches": 0, "num_partial_branches": 0, "covered_branches": 0, "missing_branches": 0, "percent_branches_covered": 100.0, "percent_branches_covered_display": "100.00"}, "missing_lines": [], "excluded_lines": [], "executed_branches": [], "missing_branches": []}}}, "src\\services\\monitoring_service.py": {"executed_lines": [1, 6, 7, 9, 11, 14, 15, 16, 17, 18, 20, 21, 22, 24, 25, 26, 28, 29, 30], "summary": {"covered_lines": 18, "num_statements": 18, "percent_covered": 100.0, "percent_covered_display": "100.00", "missing_lines": 0, "excluded_lines": 0, "percent_statements_covered": 100.0, "percent_statements_covered_display": "100.00", "num_branches": 0, "num_partial_branches": 0, "covered_branches": 0, "missing_branches": 0, "percent_branches_covered": 100.0, "percent_branches_covered_display": "100.00"}, "missing_lines": [], "excluded_lines": [], "executed_branches": [], "missing_branches": [], "functions": {"MonitoringService.__init__": {"executed_lines": [16, 17, 18], "summary": {"covered_lines": 3, "num_statements": 3, "percent_covered": 100.0, "percent_covered_display": "100.00", "missing_lines": 0, "excluded_lines": 0, "percent_statements_covered": 100.0, "percent_statements_covered_display": "100.00", "num_branches": 0, "num_partial_branches": 0, "covered_branches": 0, "missing_branches": 0, "percent_branches_covered": 100.0, "percent_branches_covered_display": "100.00"}, "missing_lines": [], "excluded_lines": [], "executed_branches": [], "missing_branches": []}, "MonitoringService.record_success": {"executed_lines": [21, 22], "summary": {"covered_lines": 2, "num_statements": 2, "percent_covered": 100.0, "percent_covered_display": "100.00", "missing_lines": 0, "excluded_lines": 0, "percent_statements_covered": 100.0, "percent_statements_covered_display": "100.00", "num_branches": 0, "num_partial_branches": 0, "covered_branches": 0, "missing_branches": 0, "percent_branches_covered": 100.0, "percent_branches_covered_display": "100.00"}, "missing_lines": [], "excluded_lines": [], "executed_branches": [], "missing_branches": []}, "MonitoringService.record_failure": {"executed_lines": [25, 26], "summary": {"covered_lines": 2, "num_statements": 2, "percent_covered": 100.0, "percent_covered_display": "100.00", "missing_lines": 0, "excluded_lines": 0, "percent_statements_covered": 100.0, "percent_statements_covered_display": "100.00", "num_branches": 0, "num_partial_branches": 0, "covered_branches": 0, "missing_branches": 0, "percent_branches_covered": 100.0, "percent_branches_covered_display": "100.00"}, "missing_lines": [], "excluded_lines": [], "executed_branches": [], "missing_branches": []}, "MonitoringService.get_summary": {"executed_lines": [29, 30], "summary": {"covered_lines": 2, "num_statements": 2, "percent_covered": 100.0, "percent_covered_display": "100.00", "missing_lines": 0, "excluded_lines": 0, "percent_statements_covered": 100.0, "percent_statements_covered_display": "100.00", "num_branches": 0, "num_partial_branches": 0, "covered_branches": 0, "missing_branches": 0, "percent_branches_covered": 100.0, "percent_branches_covered_display": "100.00"}, "missing_lines": [], "excluded_lines": [], "executed_branches": [], "missing_branches": []}, "": {"executed_lines": [1, 6, 7, 9, 11, 14, 15, 20, 24, 28], "summary": {"covered_lines": 9, "num_statements": 9, "percent_covered": 100.0, "percent_covered_display": "100.00", "missing_lines": 0, "excluded_lines": 0, "percent_statements_covered": 100.0, "percent_statements_covered_display": "100.00", "num_branches": 0, "num_partial_branches": 0, "covered_branches": 0, "missing_branches": 0, "percent_branches_covered": 100.0, "percent_branches_covered_display": "100.00"}, "missing_lines": [], "excluded_lines": [], "executed_branches": [], "missing_branches": []}}, "classes": {"MonitoringService": {"executed_lines": [16, 17, 18, 21, 22, 25, 26, 29, 30], "summary": {"covered_lines": 9, "num_statements": 9, "percent_covered": 100.0, "percent_covered_display": "100.00", "missing_lines": 0, "excluded_lines": 0, "percent_statements_covered": 100.0, "percent_statements_covered_display": "100.00", "num_branches": 0, "num_partial_branches": 0, "covered_branches": 0, "missing_branches": 0, "percent_branches_covered": 100.0, "percent_branches_covered_display": "100.00"}, "missing_lines": [], "excluded_lines": [], "executed_branches": [], "missing_branches": []}, "": {"executed_lines": [1, 6, 7, 9, 11, 14, 15, 20, 24, 28], "summary": {"covered_lines": 9, "num_statements": 9, "percent_covered": 100.0, "percent_covered_display": "100.00", "missing_lines": 0, "excluded_lines": 0, "percent_statements_covered": 100.0, "percent_statements_covered_display": "100.00", "num_branches": 0, "num_partial_branches": 0, "covered_branches": 0, "missing_branches": 0, "percent_branches_covered": 100.0, "percent_branches_covered_display": "100.00"}, "missing_lines": [], "excluded_lines": [], "executed_branches": [], "missing_branches": []}}}, "src\\services\\orgid_service.py": {"executed_lines": [4, 9, 10, 12, 13, 14, 15, 17, 18, 19, 20, 22, 25, 26, 28, 30, 31, 32, 34, 45, 46, 47, 48, 49, 50, 53, 55, 56, 58, 64, 66, 68, 70, 71, 74, 79, 80, 83, 85, 86, 87, 92, 94, 96, 97, 98, 99, 100, 102, 103, 105, 106, 107, 109, 111, 113, 115, 116, 117, 119, 122, 123, 124, 125, 128, 131, 132, 133, 134, 135, 136, 137], "summary": {"covered_lines": 70, "num_statements": 81, "percent_covered": 84.5360824742268, "percent_covered_display": "84.54", "missing_lines": 11, "excluded_lines": 0, "percent_statements_covered": 86.41975308641975, "percent_statements_covered_display": "86.42", "num_branches": 16, "num_partial_branches": 4, "covered_branches": 12, "missing_branches": 4, "percent_branches_covered": 75.0, "percent_branches_covered_display": "75.00"}, "missing_lines": [60, 61, 62, 88, 89, 90, 139, 140, 142, 143, 144], "excluded_lines": [], "executed_branches": [[47, 48], [47, 50], [97, 98], [97, 102], [115, 116], [115, 128], [117, 115], [117, 119], [122, 123], [131, 132], [133, 134], [135, 136]], "missing_branches": [[122, 115], [131, 139], [133, 131], [135, 131]], "functions": {"OrgIdService.__init__": {"executed_lines": [30, 31, 32], "summary": {"covered_lines": 3, "num_statements": 3, "percent_covered": 100.0, "percent_covered_display": "100.00", "missing_lines": 0, "excluded_lines": 0, "percent_statements_covered": 100.0, "percent_statements_covered_display": "100.00", "num_branches": 0, "num_partial_branches": 0, "covered_branches": 0, "missing_branches": 0, "percent_branches_covered": 100.0, "percent_branches_covered_display": "100.00"}, "missing_lines": [], "excluded_lines": [], "executed_branches": [], "missing_branches": []}, "OrgIdService.get_org_id": {"executed_lines": [45, 46, 47, 48, 49, 50, 53, 55, 56, 58], "summary": {"covered_lines": 10, "num_statements": 13, "percent_covered": 80.0, "percent_covered_display": "80.00", "missing_lines": 3, "excluded_lines": 0, "percent_statements_covered": 76.92307692307692, "percent_statements_covered_display": "76.92", "num_branches": 2, "num_partial_branches": 0, "covered_branches": 2, "missing_branches": 0, "percent_branches_covered": 100.0, "percent_branches_covered_display": "100.00"}, "missing_lines": [60, 61, 62], "excluded_lines": [], "executed_branches": [[47, 48], [47, 50]], "missing_branches": []}, "OrgIdService._crawl_org_id": {"executed_lines": [66, 68, 70, 71, 74, 79, 80, 83, 85, 86, 87], "summary": {"covered_lines": 11, "num_statements": 14, "percent_covered": 78.57142857142857, "percent_covered_display": "78.57", "missing_lines": 3, "excluded_lines": 0, "percent_statements_covered": 78.57142857142857, "percent_statements_covered_display": "78.57", "num_branches": 0, "num_partial_branches": 0, "covered_branches": 0, "missing_branches": 0, "percent_branches_covered": 100.0, "percent_branches_covered_display": "100.00"}, "missing_lines": [88, 89, 90], "excluded_lines": [], "executed_branches": [], "missing_branches": []}, "OrgIdService._extract_org_id_from_url": {"executed_lines": [94, 96, 97, 98, 99, 100, 102, 103, 105, 106, 107], "summary": {"covered_lines": 11, "num_statements": 11, "percent_covered": 100.0, "percent_covered_display": "100.00", "missing_lines": 0, "excluded_lines": 0, "percent_statements_covered": 100.0, "percent_statements_covered_display": "100.00", "num_branches": 2, "num_partial_branches": 0, "covered_branches": 2, "missing_branches": 0, "percent_branches_covered": 100.0, "percent_branches_covered_display": "100.00"}, "missing_lines": [], "excluded_lines": [], "executed_branches": [[97, 98], [97, 102]], "missing_branches": []}, "OrgIdService._extract_org_id_from_page": {"executed_lines": [111, 113, 115, 116, 117, 119, 122, 123, 124, 125, 128, 131, 132, 133, 134, 135, 136, 137], "summary": {"covered_lines": 18, "num_statements": 23, "percent_covered": 74.28571428571429, "percent_covered_display": "74.29", "missing_lines": 5, "excluded_lines": 0, "percent_statements_covered": 78.26086956521739, "percent_statements_covered_display": "78.26", "num_branches": 12, "num_partial_branches": 4, "covered_branches": 8, "missing_branches": 4, "percent_branches_covered": 66.66666666666667, "percent_branches_covered_display": "66.67"}, "missing_lines": [139, 140, 142, 143, 144], "excluded_lines": [], "executed_branches": [[115, 116], [115, 128], [117, 115], [117, 119], [122, 123], [131, 132], [133, 134], [135, 136]], "missing_branches": [[122, 115], [131, 139], [133, 131], [135, 131]]}, "": {"executed_lines": [4, 9, 10, 12, 13, 14, 15, 17, 18, 19, 20, 22, 25, 26, 28, 34, 64, 92, 109], "summary": {"covered_lines": 17, "num_statements": 17, "percent_covered": 100.0, "percent_covered_display": "100.00", "missing_lines": 0, "excluded_lines": 0, "percent_statements_covered": 100.0, "percent_statements_covered_display": "100.00", "num_branches": 0, "num_partial_branches": 0, "covered_branches": 0, "missing_branches": 0, "percent_branches_covered": 100.0, "percent_branches_covered_display": "100.00"}, "missing_lines": [], "excluded_lines": [], "executed_branches": [], "missing_branches": []}}, "classes": {"OrgIdService": {"executed_lines": [30, 31, 32, 45, 46, 47, 48, 49, 50, 53, 55, 56, 58, 66, 68, 70, 71, 74, 79, 80, 83, 85, 86, 87, 94, 96, 97, 98, 99, 100, 102, 103, 105, 106, 107, 111, 113, 115, 116, 117, 119, 122, 123, 124, 125, 128, 131, 132, 133, 134, 135, 136, 137], "summary": {"covered_lines": 53, "num_statements": 64, "percent_covered": 81.25, "percent_covered_display": "81.25", "missing_lines": 11, "excluded_lines": 0, "percent_statements_covered": 82.8125, "percent_statements_covered_display": "82.81", "num_branches": 16, "num_partial_branches": 4, "covered_branches": 12, "missing_branches": 4, "percent_branches_covered": 75.0, "percent_branches_covered_display": "75.00"}, "missing_lines": [60, 61, 62, 88, 89, 90, 139, 140, 142, 143, 144], "excluded_lines": [], "executed_branches": [[47, 48], [47, 50], [97, 98], [97, 102], [115, 116], [115, 128], [117, 115], [117, 119], [122, 123], [131, 132], [133, 134], [135, 136]], "missing_branches": [[122, 115], [131, 139], [133, 131], [135, 131]]}, "": {"executed_lines": [4, 9, 10, 12, 13, 14, 15, 17, 18, 19, 20, 22, 25, 26, 28, 34, 64, 92, 109], "summary": {"covered_lines": 17, "num_statements": 17, "percent_covered": 100.0, "percent_covered_display": "100.00", "missing_lines": 0, "excluded_lines": 0, "percent_statements_covered": 100.0, "percent_statements_covered_display": "100.00", "num_branches": 0, "num_partial_branches": 0, "covered_branches": 0, "missing_branches": 0, "percent_branches_covered": 100.0, "percent_branches_covered_display": "100.00"}, "missing_lines": [], "excluded_lines": [], "executed_branches": [], "missing_branches": []}}}, "src\\services\\parallel_downloader.py": {"executed_lines": [], "summary": {"covered_lines": 0, "num_statements": 385, "percent_covered": 0.0, "percent_covered_display": "0.00", "missing_lines": 385, "excluded_lines": 0, "percent_statements_covered": 0.0, "percent_statements_covered_display": "0.00", "num_branches": 66, "num_partial_branches": 0, "covered_branches": 0, "missing_branches": 66, "percent_branches_covered": 0.0, "percent_branches_covered_display": "0.00"}, "missing_lines": [9, 10, 11, 12, 13, 14, 15, 16, 17, 18, 19, 21, 22, 25, 28, 29, 30, 31, 32, 33, 36, 39, 40, 41, 42, 45, 46, 49, 50, 51, 52, 53, 54, 55, 56, 57, 58, 59, 60, 61, 62, 63, 65, 66, 68, 69, 70, 71, 73, 74, 76, 82, 84, 85, 87, 89, 90, 91, 92, 94, 96, 97, 98, 100, 102, 104, 106, 107, 108, 109, 110, 113, 116, 117, 118, 119, 121, 123, 125, 126, 127, 129, 131, 132, 133, 134, 135, 136, 137, 138, 140, 142, 143, 145, 147, 148, 149, 151, 153, 154, 156, 158, 160, 162, 163, 165, 167, 168, 174, 176, 177, 183, 185, 186, 189, 192, 193, 194, 195, 196, 197, 198, 200, 202, 203, 205, 207, 208, 209, 210, 211, 212, 214, 215, 216, 217, 219, 221, 222, 224, 226, 227, 229, 231, 232, 234, 236, 237, 239, 243, 244, 247, 250, 251, 252, 253, 256, 259, 262, 265, 268, 269, 270, 273, 287, 290, 291, 292, 293, 296, 303, 305, 315, 317, 327, 328, 330, 331, 333, 335, 336, 338, 340, 341, 342, 343, 344, 346, 348, 349, 350, 352, 353, 356, 357, 360, 363, 366, 368, 370, 372, 373, 375, 376, 379, 381, 383, 385, 386, 388, 390, 391, 393, 395, 396, 397, 398, 399, 402, 403, 404, 407, 408, 409, 412, 414, 415, 416, 418, 420, 421, 422, 423, 426, 428, 429, 430, 431, 435, 436, 439, 440, 442, 446, 447, 448, 449, 450, 453, 455, 457, 460, 461, 464, 465, 468, 469, 471, 480, 481, 488, 490, 493, 494, 499, 500, 501, 502, 503, 505, 506, 508, 510, 511, 512, 515, 518, 521, 524, 526, 527, 529, 531, 532, 534, 535, 538, 541, 544, 549, 550, 551, 556, 558, 560, 561, 562, 564, 565, 566, 568, 569, 571, 573, 574, 584, 585, 586, 587, 591, 593, 594, 595, 597, 613, 615, 616, 618, 620, 633, 635, 636, 637, 639, 640, 641, 642, 643, 644, 646, 648, 650, 651, 652, 653, 654, 656, 657, 659, 661, 663, 664, 665, 667, 668, 670, 672, 674, 676, 677, 679, 680, 694, 696, 697, 699, 701, 702, 704, 706, 707, 708, 709, 711, 712, 714, 717, 718, 719, 729, 730, 731, 732, 734, 736, 738, 739, 743, 746, 747, 749, 750, 751, 753, 754], "excluded_lines": [], "executed_branches": [], "missing_branches": [[68, 69], [68, 70], [134, 135], [134, 136], [148, -145], [148, 149], [335, -333], [335, 336], [340, -338], [340, 341], [348, 349], [348, 352], [356, 357], [356, 363], [372, 373], [372, 375], [395, -393], [395, 396], [397, 398], [397, 402], [402, 403], [402, 407], [408, 409], [408, 412], [428, 429], [428, 435], [439, 440], [439, 442], [501, -499], [501, 502], [510, -508], [510, 511], [550, 551], [550, 556], [564, -558], [564, 565], [565, 564], [565, 566], [573, 574], [573, 584], [586, -571], [586, 587], [594, 595], [594, 597], [636, 637], [636, 639], [639, 640], [639, 646], [651, 652], [651, 656], [652, 651], [652, 653], [663, 664], [663, 672], [664, 665], [664, 667], [667, 668], [667, 670], [679, 680], [679, 696], [707, 708], [707, 711], [717, 718], [717, 736], [718, 717], [718, 719]], "functions": {"DownloadTask.execution_time": {"executed_lines": [], "summary": {"covered_lines": 0, "num_statements": 4, "percent_covered": 0.0, "percent_covered_display": "0.00", "missing_lines": 4, "excluded_lines": 0, "percent_statements_covered": 0.0, "percent_statements_covered_display": "0.00", "num_branches": 2, "num_partial_branches": 0, "covered_branches": 0, "missing_branches": 2, "percent_branches_covered": 0.0, "percent_branches_covered_display": "0.00"}, "missing_lines": [68, 69, 70, 71], "excluded_lines": [], "executed_branches": [], "missing_branches": [[68, 69], [68, 70]]}, "DownloadTask.is_completed": {"executed_lines": [], "summary": {"covered_lines": 0, "num_statements": 1, "percent_covered": 0.0, "percent_covered_display": "0.00", "missing_lines": 1, "excluded_lines": 0, "percent_statements_covered": 0.0, "percent_statements_covered_display": "0.00", "num_branches": 0, "num_partial_branches": 0, "covered_branches": 0, "missing_branches": 0, "percent_branches_covered": 100.0, "percent_branches_covered_display": "100.00"}, "missing_lines": [76], "excluded_lines": [], "executed_branches": [], "missing_branches": []}, "DownloadTask.mark_started": {"executed_lines": [], "summary": {"covered_lines": 0, "num_statements": 2, "percent_covered": 0.0, "percent_covered_display": "0.00", "missing_lines": 2, "excluded_lines": 0, "percent_statements_covered": 0.0, "percent_statements_covered_display": "0.00", "num_branches": 0, "num_partial_branches": 0, "covered_branches": 0, "missing_branches": 0, "percent_branches_covered": 100.0, "percent_branches_covered_display": "100.00"}, "missing_lines": [84, 85], "excluded_lines": [], "executed_branches": [], "missing_branches": []}, "DownloadTask.mark_completed": {"executed_lines": [], "summary": {"covered_lines": 0, "num_statements": 4, "percent_covered": 0.0, "percent_covered_display": "0.00", "missing_lines": 4, "excluded_lines": 0, "percent_statements_covered": 0.0, "percent_statements_covered_display": "0.00", "num_branches": 0, "num_partial_branches": 0, "covered_branches": 0, "missing_branches": 0, "percent_branches_covered": 100.0, "percent_branches_covered_display": "100.00"}, "missing_lines": [89, 90, 91, 92], "excluded_lines": [], "executed_branches": [], "missing_branches": []}, "DownloadTask.mark_failed": {"executed_lines": [], "summary": {"covered_lines": 0, "num_statements": 3, "percent_covered": 0.0, "percent_covered_display": "0.00", "missing_lines": 3, "excluded_lines": 0, "percent_statements_covered": 0.0, "percent_statements_covered_display": "0.00", "num_branches": 0, "num_partial_branches": 0, "covered_branches": 0, "missing_branches": 0, "percent_branches_covered": 100.0, "percent_branches_covered_display": "100.00"}, "missing_lines": [96, 97, 98], "excluded_lines": [], "executed_branches": [], "missing_branches": []}, "DownloadTask.can_retry": {"executed_lines": [], "summary": {"covered_lines": 0, "num_statements": 1, "percent_covered": 0.0, "percent_covered_display": "0.00", "missing_lines": 1, "excluded_lines": 0, "percent_statements_covered": 0.0, "percent_statements_covered_display": "0.00", "num_branches": 0, "num_partial_branches": 0, "covered_branches": 0, "missing_branches": 0, "percent_branches_covered": 100.0, "percent_branches_covered_display": "100.00"}, "missing_lines": [102], "excluded_lines": [], "executed_branches": [], "missing_branches": []}, "DownloadTask.increment_retry": {"executed_lines": [], "summary": {"covered_lines": 0, "num_statements": 5, "percent_covered": 0.0, "percent_covered_display": "0.00", "missing_lines": 5, "excluded_lines": 0, "percent_statements_covered": 0.0, "percent_statements_covered_display": "0.00", "num_branches": 0, "num_partial_branches": 0, "covered_branches": 0, "missing_branches": 0, "percent_branches_covered": 100.0, "percent_branches_covered_display": "100.00"}, "missing_lines": [106, 107, 108, 109, 110], "excluded_lines": [], "executed_branches": [], "missing_branches": []}, "TaskQueue.__init__": {"executed_lines": [], "summary": {"covered_lines": 0, "num_statements": 3, "percent_covered": 0.0, "percent_covered_display": "0.00", "missing_lines": 3, "excluded_lines": 0, "percent_statements_covered": 0.0, "percent_statements_covered_display": "0.00", "num_branches": 0, "num_partial_branches": 0, "covered_branches": 0, "missing_branches": 0, "percent_branches_covered": 100.0, "percent_branches_covered_display": "100.00"}, "missing_lines": [117, 118, 119], "excluded_lines": [], "executed_branches": [], "missing_branches": []}, "TaskQueue.put": {"executed_lines": [], "summary": {"covered_lines": 0, "num_statements": 4, "percent_covered": 0.0, "percent_covered_display": "0.00", "missing_lines": 4, "excluded_lines": 0, "percent_statements_covered": 0.0, "percent_statements_covered_display": "0.00", "num_branches": 0, "num_partial_branches": 0, "covered_branches": 0, "missing_branches": 0, "percent_branches_covered": 100.0, "percent_branches_covered_display": "100.00"}, "missing_lines": [123, 125, 126, 127], "excluded_lines": [], "executed_branches": [], "missing_branches": []}, "TaskQueue.get": {"executed_lines": [], "summary": {"covered_lines": 0, "num_statements": 8, "percent_covered": 0.0, "percent_covered_display": "0.00", "missing_lines": 8, "excluded_lines": 0, "percent_statements_covered": 0.0, "percent_statements_covered_display": "0.00", "num_branches": 2, "num_partial_branches": 0, "covered_branches": 0, "missing_branches": 2, "percent_branches_covered": 0.0, "percent_branches_covered_display": "0.00"}, "missing_lines": [131, 132, 133, 134, 135, 136, 137, 138], "excluded_lines": [], "executed_branches": [], "missing_branches": [[134, 135], [134, 136]]}, "TaskQueue.get_task": {"executed_lines": [], "summary": {"covered_lines": 0, "num_statements": 2, "percent_covered": 0.0, "percent_covered_display": "0.00", "missing_lines": 2, "excluded_lines": 0, "percent_statements_covered": 0.0, "percent_statements_covered_display": "0.00", "num_branches": 0, "num_partial_branches": 0, "covered_branches": 0, "missing_branches": 0, "percent_branches_covered": 100.0, "percent_branches_covered_display": "100.00"}, "missing_lines": [142, 143], "excluded_lines": [], "executed_branches": [], "missing_branches": []}, "TaskQueue.remove_task": {"executed_lines": [], "summary": {"covered_lines": 0, "num_statements": 3, "percent_covered": 0.0, "percent_covered_display": "0.00", "missing_lines": 3, "excluded_lines": 0, "percent_statements_covered": 0.0, "percent_statements_covered_display": "0.00", "num_branches": 2, "num_partial_branches": 0, "covered_branches": 0, "missing_branches": 2, "percent_branches_covered": 0.0, "percent_branches_covered_display": "0.00"}, "missing_lines": [147, 148, 149], "excluded_lines": [], "executed_branches": [], "missing_branches": [[148, -145], [148, 149]]}, "TaskQueue.size": {"executed_lines": [], "summary": {"covered_lines": 0, "num_statements": 2, "percent_covered": 0.0, "percent_covered_display": "0.00", "missing_lines": 2, "excluded_lines": 0, "percent_statements_covered": 0.0, "percent_statements_covered_display": "0.00", "num_branches": 0, "num_partial_branches": 0, "covered_branches": 0, "missing_branches": 0, "percent_branches_covered": 100.0, "percent_branches_covered_display": "100.00"}, "missing_lines": [153, 154], "excluded_lines": [], "executed_branches": [], "missing_branches": []}, "TaskQueue.empty": {"executed_lines": [], "summary": {"covered_lines": 0, "num_statements": 1, "percent_covered": 0.0, "percent_covered_display": "0.00", "missing_lines": 1, "excluded_lines": 0, "percent_statements_covered": 0.0, "percent_statements_covered_display": "0.00", "num_branches": 0, "num_partial_branches": 0, "covered_branches": 0, "missing_branches": 0, "percent_branches_covered": 100.0, "percent_branches_covered_display": "100.00"}, "missing_lines": [158], "excluded_lines": [], "executed_branches": [], "missing_branches": []}, "TaskQueue.get_all_tasks": {"executed_lines": [], "summary": {"covered_lines": 0, "num_statements": 2, "percent_covered": 0.0, "percent_covered_display": "0.00", "missing_lines": 2, "excluded_lines": 0, "percent_statements_covered": 0.0, "percent_statements_covered_display": "0.00", "num_branches": 0, "num_partial_branches": 0, "covered_branches": 0, "missing_branches": 0, "percent_branches_covered": 100.0, "percent_branches_covered_display": "100.00"}, "missing_lines": [162, 163], "excluded_lines": [], "executed_branches": [], "missing_branches": []}, "TaskQueue.get_pending_tasks": {"executed_lines": [], "summary": {"covered_lines": 0, "num_statements": 2, "percent_covered": 0.0, "percent_covered_display": "0.00", "missing_lines": 2, "excluded_lines": 0, "percent_statements_covered": 0.0, "percent_statements_covered_display": "0.00", "num_branches": 0, "num_partial_branches": 0, "covered_branches": 0, "missing_branches": 0, "percent_branches_covered": 100.0, "percent_branches_covered_display": "100.00"}, "missing_lines": [167, 168], "excluded_lines": [], "executed_branches": [], "missing_branches": []}, "TaskQueue.get_running_tasks": {"executed_lines": [], "summary": {"covered_lines": 0, "num_statements": 2, "percent_covered": 0.0, "percent_covered_display": "0.00", "missing_lines": 2, "excluded_lines": 0, "percent_statements_covered": 0.0, "percent_statements_covered_display": "0.00", "num_branches": 0, "num_partial_branches": 0, "covered_branches": 0, "missing_branches": 0, "percent_branches_covered": 100.0, "percent_branches_covered_display": "100.00"}, "missing_lines": [176, 177], "excluded_lines": [], "executed_branches": [], "missing_branches": []}, "TaskQueue.get_completed_tasks": {"executed_lines": [], "summary": {"covered_lines": 0, "num_statements": 2, "percent_covered": 0.0, "percent_covered_display": "0.00", "missing_lines": 2, "excluded_lines": 0, "percent_statements_covered": 0.0, "percent_statements_covered_display": "0.00", "num_branches": 0, "num_partial_branches": 0, "covered_branches": 0, "missing_branches": 0, "percent_branches_covered": 100.0, "percent_branches_covered_display": "100.00"}, "missing_lines": [185, 186], "excluded_lines": [], "executed_branches": [], "missing_branches": []}, "ResourceMonitor.__init__": {"executed_lines": [], "summary": {"covered_lines": 0, "num_statements": 6, "percent_covered": 0.0, "percent_covered_display": "0.00", "missing_lines": 6, "excluded_lines": 0, "percent_statements_covered": 0.0, "percent_statements_covered_display": "0.00", "num_branches": 0, "num_partial_branches": 0, "covered_branches": 0, "missing_branches": 0, "percent_branches_covered": 100.0, "percent_branches_covered_display": "100.00"}, "missing_lines": [193, 194, 195, 196, 197, 198], "excluded_lines": [], "executed_branches": [], "missing_branches": []}, "ResourceMonitor.update_usage": {"executed_lines": [], "summary": {"covered_lines": 0, "num_statements": 13, "percent_covered": 0.0, "percent_covered_display": "0.00", "missing_lines": 13, "excluded_lines": 0, "percent_statements_covered": 0.0, "percent_statements_covered_display": "0.00", "num_branches": 0, "num_partial_branches": 0, "covered_branches": 0, "missing_branches": 0, "percent_branches_covered": 100.0, "percent_branches_covered_display": "100.00"}, "missing_lines": [202, 203, 205, 207, 208, 209, 210, 211, 212, 214, 215, 216, 217], "excluded_lines": [], "executed_branches": [], "missing_branches": []}, "ResourceMonitor.get_cpu_usage": {"executed_lines": [], "summary": {"covered_lines": 0, "num_statements": 2, "percent_covered": 0.0, "percent_covered_display": "0.00", "missing_lines": 2, "excluded_lines": 0, "percent_statements_covered": 0.0, "percent_statements_covered_display": "0.00", "num_branches": 0, "num_partial_branches": 0, "covered_branches": 0, "missing_branches": 0, "percent_branches_covered": 100.0, "percent_branches_covered_display": "100.00"}, "missing_lines": [221, 222], "excluded_lines": [], "executed_branches": [], "missing_branches": []}, "ResourceMonitor.get_memory_usage": {"executed_lines": [], "summary": {"covered_lines": 0, "num_statements": 2, "percent_covered": 0.0, "percent_covered_display": "0.00", "missing_lines": 2, "excluded_lines": 0, "percent_statements_covered": 0.0, "percent_statements_covered_display": "0.00", "num_branches": 0, "num_partial_branches": 0, "covered_branches": 0, "missing_branches": 0, "percent_branches_covered": 100.0, "percent_branches_covered_display": "100.00"}, "missing_lines": [226, 227], "excluded_lines": [], "executed_branches": [], "missing_branches": []}, "ResourceMonitor.get_network_io": {"executed_lines": [], "summary": {"covered_lines": 0, "num_statements": 2, "percent_covered": 0.0, "percent_covered_display": "0.00", "missing_lines": 2, "excluded_lines": 0, "percent_statements_covered": 0.0, "percent_statements_covered_display": "0.00", "num_branches": 0, "num_partial_branches": 0, "covered_branches": 0, "missing_branches": 0, "percent_branches_covered": 100.0, "percent_branches_covered_display": "100.00"}, "missing_lines": [231, 232], "excluded_lines": [], "executed_branches": [], "missing_branches": []}, "ResourceMonitor.get_disk_usage": {"executed_lines": [], "summary": {"covered_lines": 0, "num_statements": 2, "percent_covered": 0.0, "percent_covered_display": "0.00", "missing_lines": 2, "excluded_lines": 0, "percent_statements_covered": 0.0, "percent_statements_covered_display": "0.00", "num_branches": 0, "num_partial_branches": 0, "covered_branches": 0, "missing_branches": 0, "percent_branches_covered": 100.0, "percent_branches_covered_display": "100.00"}, "missing_lines": [236, 237], "excluded_lines": [], "executed_branches": [], "missing_branches": []}, "ResourceMonitor.is_resource_available": {"executed_lin
[...]
g_branches": 2, "percent_branches_covered": 0.0, "percent_branches_covered_display": "0.00"}, "missing_lines": [100, 101, 102], "excluded_lines": [], "executed_branches": [], "missing_branches": [[100, 101], [100, 102]]}, "UnifiedDownloader._init_services": {"executed_lines": [105, 106, 107, 108, 109], "summary": {"covered_lines": 4, "num_statements": 4, "percent_covered": 100.0, "percent_covered_display": "100.00", "missing_lines": 0, "excluded_lines": 0, "percent_statements_covered": 100.0, "percent_statements_covered_display": "100.00", "num_branches": 0, "num_partial_branches": 0, "covered_branches": 0, "missing_branches": 0, "percent_branches_covered": 100.0, "percent_branches_covered_display": "100.00"}, "missing_lines": [], "excluded_lines": [], "executed_branches": [], "missing_branches": []}, "UnifiedDownloader._init_browser_strategy": {"executed_lines": [112, 116, 118, 121, 122, 123, 124, 127, 133, 134], "summary": {"covered_lines": 10, "num_statements": 13, "percent_covered": 68.42105263157895, "percent_covered_display": "68.42", "missing_lines": 3, "excluded_lines": 0, "percent_statements_covered": 76.92307692307692, "percent_statements_covered_display": "76.92", "num_branches": 6, "num_partial_branches": 3, "covered_branches": 3, "missing_branches": 3, "percent_branches_covered": 50.0, "percent_branches_covered_display": "50.00"}, "missing_lines": [113, 114, 125], "excluded_lines": [], "executed_branches": [[112, 116], [124, 127], [133, 134]], "missing_branches": [[112, 113], [124, 125], [133, -111]]}, "UnifiedDownloader._log_debug_marker": {"executed_lines": [], "summary": {"covered_lines": 0, "num_statements": 1, "percent_covered": 0.0, "percent_covered_display": "0.00", "missing_lines": 1, "excluded_lines": 0, "percent_statements_covered": 0.0, "percent_statements_covered_display": "0.00", "num_branches": 0, "num_partial_branches": 0, "covered_branches": 0, "missing_branches": 0, "percent_branches_covered": 100.0, "percent_branches_covered_display": "100.00"}, "missing_lines": [143], "excluded_lines": [], "executed_branches": [], "missing_branches": []}, "UnifiedDownloader._debug_step": {"executed_lines": [146, 147, 153, 156], "summary": {"covered_lines": 4, "num_statements": 7, "percent_covered": 57.142857142857146, "percent_covered_display": "57.14", "missing_lines": 3, "excluded_lines": 0, "percent_statements_covered": 57.142857142857146, "percent_statements_covered_display": "57.14", "num_branches": 0, "num_partial_branches": 0, "covered_branches": 0, "missing_branches": 0, "percent_branches_covered": 100.0, "percent_branches_covered_display": "100.00"}, "missing_lines": [148, 151, 152], "excluded_lines": [], "executed_branches": [], "missing_branches": []}, "UnifiedDownloader.get_debug_markers": {"executed_lines": [], "summary": {"covered_lines": 0, "num_statements": 1, "percent_covered": 0.0, "percent_covered_display": "0.00", "missing_lines": 1, "excluded_lines": 0, "percent_statements_covered": 0.0, "percent_statements_covered_display": "0.00", "num_branches": 0, "num_partial_branches": 0, "covered_branches": 0, "missing_branches": 0, "percent_branches_covered": 100.0, "percent_branches_covered_display": "100.00"}, "missing_lines": [159], "excluded_lines": [], "executed_branches": [], "missing_branches": []}, "UnifiedDownloader.get_debug_summary": {"executed_lines": [], "summary": {"covered_lines": 0, "num_statements": 1, "percent_covered": 0.0, "percent_covered_display": "0.00", "missing_lines": 1, "excluded_lines": 0, "percent_statements_covered": 0.0, "percent_statements_covered_display": "0.00", "num_branches": 0, "num_partial_branches": 0, "covered_branches": 0, "missing_branches": 0, "percent_branches_covered": 100.0, "percent_branches_covered_display": "100.00"}, "missing_lines": [162], "excluded_lines": [], "executed_branches": [], "missing_branches": []}, "UnifiedDownloader.get_status": {"executed_lines": [], "summary": {"covered_lines": 0, "num_statements": 1, "percent_covered": 0.0, "percent_covered_display": "0.00", "missing_lines": 1, "excluded_lines": 0, "percent_statements_covered": 0.0, "percent_statements_covered_display": "0.00", "num_branches": 0, "num_partial_branches": 0, "covered_branches": 0, "missing_branches": 0, "percent_branches_covered": 100.0, "percent_branches_covered_display": "100.00"}, "missing_lines": [166], "excluded_lines": [], "executed_branches": [], "missing_branches": []}, "UnifiedDownloader.download_stock_pdfs": {"executed_lines": [182], "summary": {"covered_lines": 0, "num_statements": 4, "percent_covered": 0.0, "percent_covered_display": "0.00", "missing_lines": 4, "excluded_lines": 0, "percent_statements_covered": 0.0, "percent_statements_covered_display": "0.00", "num_branches": 2, "num_partial_branches": 0, "covered_branches": 0, "missing_branches": 2, "percent_branches_covered": 0.0, "percent_branches_covered_display": "0.00"}, "missing_lines": [181, 183, 184, 195], "excluded_lines": [], "executed_branches": [], "missing_branches": [[181, 183], [181, 195]]}, "UnifiedDownloader._download_with_retry": {"executed_lines": [], "summary": {"covered_lines": 0, "num_statements": 18, "percent_covered": 0.0, "percent_covered_display": "0.00", "missing_lines": 18, "excluded_lines": 0, "percent_statements_covered": 0.0, "percent_statements_covered_display": "0.00", "num_branches": 10, "num_partial_branches": 0, "covered_branches": 0, "missing_branches": 10, "percent_branches_covered": 0.0, "percent_branches_covered_display": "0.00"}, "missing_lines": [198, 199, 201, 202, 206, 207, 208, 209, 210, 211, 213, 215, 216, 217, 219, 222, 223, 225], "excluded_lines": [], "executed_branches": [], "missing_branches": [[201, 202], [201, 206], [206, 207], [206, 225], [207, 208], [207, 215], [216, 217], [216, 219], [222, 206], [222, 223]]}, "UnifiedDownloader._download_internal": {"executed_lines": [], "summary": {"covered_lines": 0, "num_statements": 17, "percent_covered": 0.0, "percent_covered_display": "0.00", "missing_lines": 17, "excluded_lines": 0, "percent_statements_covered": 0.0, "percent_statements_covered_display": "0.00", "num_branches": 6, "num_partial_branches": 0, "covered_branches": 0, "missing_branches": 6, "percent_branches_covered": 0.0, "percent_branches_covered_display": "0.00"}, "missing_lines": [228, 229, 231, 233, 235, 236, 237, 238, 239, 240, 244, 245, 251, 253, 261, 262, 263], "excluded_lines": [], "executed_branches": [], "missing_branches": [[236, 237], [236, 244], [238, 239], [238, 240], [244, 245], [244, 251]]}, "UnifiedDownloader.download_activity_records": {"executed_lines": [], "summary": {"covered_lines": 0, "num_statements": 4, "percent_covered": 0.0, "percent_covered_display": "0.00", "missing_lines": 4, "excluded_lines": 0, "percent_statements_covered": 0.0, "percent_statements_covered_display": "0.00", "num_branches": 0, "num_partial_branches": 0, "covered_branches": 0, "missing_branches": 0, "percent_branches_covered": 100.0, "percent_branches_covered_display": "100.00"}, "missing_lines": [267, 268, 276, 277], "excluded_lines": [], "executed_branches": [], "missing_branches": []}, "UnifiedDownloader._perform_download": {"executed_lines": [], "summary": {"covered_lines": 0, "num_statements": 51, "percent_covered": 0.0, "percent_covered_display": "0.00", "missing_lines": 51, "excluded_lines": 0, "percent_statements_covered": 0.0, "percent_statements_covered_display": "0.00", "num_branches": 28, "num_partial_branches": 0, "covered_branches": 0, "missing_branches": 28, "percent_branches_covered": 0.0, "percent_branches_covered_display": "0.00"}, "missing_lines": [280, 281, 284, 287, 288, 290, 291, 292, 293, 297, 298, 300, 301, 302, 303, 304, 305, 308, 309, 311, 314, 316, 318, 319, 320, 323, 324, 328, 329, 332, 336, 337, 338, 339, 344, 350, 351, 352, 353, 355, 356, 357, 358, 359, 366, 370, 373, 375, 376, 377, 379], "excluded_lines": [], "executed_branches": [], "missing_branches": [[280, 281], [280, 284], [287, 288], [287, 290], [292, 293], [292, 297], [300, 301], [300, 308], [303, 304], [303, 305], [308, 309], [308, 318], [319, 320], [319, 379], [328, 329], [328, 336], [336, 337], [336, 375], [337, 336], [337, 338], [350, 351], [350, 355], [356, 336], [356, 357], [357, 358], [357, 370], [375, 376], [375, 377]]}, "UnifiedDownloader._get_links_safe": {"executed_lines": [], "summary": {"covered_lines": 0, "num_statements": 3, "percent_covered": 0.0, "percent_covered_display": "0.00", "missing_lines": 3, "excluded_lines": 0, "percent_statements_covered": 0.0, "percent_statements_covered_display": "0.00", "num_branches": 2, "num_partial_branches": 0, "covered_branches": 0, "missing_branches": 2, "percent_branches_covered": 0.0, "percent_branches_covered_display": "0.00"}, "missing_lines": [383, 384, 385], "excluded_lines": [], "executed_branches": [], "missing_branches": [[383, 384], [383, 385]]}, "UnifiedDownloader._matches": {"executed_lines": [], "summary": {"covered_lines": 0, "num_statements": 1, "percent_covered": 0.0, "percent_covered_display": "0.00", "missing_lines": 1, "excluded_lines": 0, "percent_statements_covered": 0.0, "percent_statements_covered_display": "0.00", "num_branches": 0, "num_partial_branches": 0, "covered_branches": 0, "missing_branches": 0, "percent_branches_covered": 100.0, "percent_branches_covered_display": "100.00"}, "missing_lines": [389], "excluded_lines": [], "executed_branches": [], "missing_branches": []}, "UnifiedDownloader.cleanup": {"executed_lines": [], "summary": {"covered_lines": 0, "num_statements": 2, "percent_covered": 0.0, "percent_covered_display": "0.00", "missing_lines": 2, "excluded_lines": 0, "percent_statements_covered": 0.0, "percent_statements_covered_display": "0.00", "num_branches": 2, "num_partial_branches": 0, "covered_branches": 0, "missing_branches": 2, "percent_branches_covered": 0.0, "percent_branches_covered_display": "0.00"}, "missing_lines": [392, 393], "excluded_lines": [], "executed_branches": [], "missing_branches": [[392, -391], [392, 393]]}, "UnifiedDownloader.user_agents": {"executed_lines": [], "summary": {"covered_lines": 0, "num_statements": 2, "percent_covered": 0.0, "percent_covered_display": "0.00", "missing_lines": 2, "excluded_lines": 0, "percent_statements_covered": 0.0, "percent_statements_covered_display": "0.00", "num_branches": 0, "num_partial_branches": 0, "covered_branches": 0, "missing_branches": 0, "percent_branches_covered": 100.0, "percent_branches_covered_display": "100.00"}, "missing_lines": [398, 400], "excluded_lines": [], "executed_branches": [], "missing_branches": []}, "UnifiedDownloader.configure": {"executed_lines": [], "summary": {"covered_lines": 0, "num_statements": 1, "percent_covered": 0.0, "percent_covered_display": "0.00", "missing_lines": 1, "excluded_lines": 0, "percent_statements_covered": 0.0, "percent_statements_covered_display": "0.00", "num_branches": 0, "num_partial_branches": 0, "covered_branches": 0, "missing_branches": 0, "percent_branches_covered": 100.0, "percent_branches_covered_display": "100.00"}, "missing_lines": [403], "excluded_lines": [], "executed_branches": [], "missing_branches": []}, "UnifiedDownloader.get_supported_browsers": {"executed_lines": [], "summary": {"covered_lines": 0, "num_statements": 1, "percent_covered": 0.0, "percent_covered_display": "0.00", "missing_lines": 1, "excluded_lines": 0, "percent_statements_covered": 0.0, "percent_statements_covered_display": "0.00", "num_branches": 0, "num_partial_branches": 0, "covered_branches": 0, "missing_branches": 0, "percent_branches_covered": 100.0, "percent_branches_covered_display": "100.00"}, "missing_lines": [406], "excluded_lines": [], "executed_branches": [], "missing_branches": []}, "": {"executed_lines": [4, 8, 9, 10, 12, 14, 15, 16, 21, 22, 29, 36, 42, 43, 45, 86, 90, 91, 97, 98, 104, 111, 136, 145, 157, 158, 161, 164, 175, 197, 227, 265, 279, 381, 387, 391, 395, 396, 402, 405], "summary": {"covered_lines": 38, "num_statements": 38, "percent_covered": 100.0, "percent_covered_display": "100.00", "missing_lines": 0, "excluded_lines": 0, "percent_statements_covered": 100.0, "percent_statements_covered_display": "100.00", "num_branches": 0, "num_partial_branches": 0, "covered_branches": 0, "missing_branches": 0, "percent_branches_covered": 100.0, "percent_branches_covered_display": "100.00"}, "missing_lines": [], "excluded_lines": [], "executed_branches": [], "missing_branches": []}}, "classes": {"UnifiedDownloader": {"executed_lines": [50, 51, 52, 56, 58, 63, 64, 66, 67, 68, 71, 72, 73, 74, 76, 80, 81, 83, 84, 105, 106, 107, 108, 109, 112, 116, 118, 121, 122, 123, 124, 127, 133, 134, 146, 147, 153, 156, 182], "summary": {"covered_lines": 37, "num_statements": 159, "percent_covered": 18.83408071748879, "percent_covered_display": "18.83", "missing_lines": 122, "excluded_lines": 0, "percent_statements_covered": 23.270440251572328, "percent_statements_covered_display": "23.27", "num_branches": 64, "num_partial_branches": 5, "covered_branches": 5, "missing_branches": 59, "percent_branches_covered": 7.8125, "percent_branches_covered_display": "7.81"}, "missing_lines": [59, 88, 93, 94, 95, 100, 101, 102, 113, 114, 125, 143, 148, 151, 152, 159, 162, 166, 181, 183, 184, 195, 198, 199, 201, 202, 206, 207, 208, 209, 210, 211, 213, 215, 216, 217, 219, 222, 223, 225, 228, 229, 231, 233, 235, 236, 237, 238, 239, 240, 244, 245, 251, 253, 261, 262, 263, 267, 268, 276, 277, 280, 281, 284, 287, 288, 290, 291, 292, 293, 297, 298, 300, 301, 302, 303, 304, 305, 308, 309, 311, 314, 316, 318, 319, 320, 323, 324, 328, 329, 332, 336, 337, 338, 339, 344, 350, 351, 352, 353, 355, 356, 357, 358, 359, 366, 370, 373, 375, 376, 377, 379, 383, 384, 385, 389, 392, 393, 398, 400, 403, 406], "excluded_lines": [], "executed_branches": [[50, 51], [58, 63], [112, 116], [124, 127], [133, 134]], "missing_branches": [[50, 56], [58, 59], [93, 94], [93, 95], [100, 101], [100, 102], [112, 113], [124, 125], [133, -111], [181, 183], [181, 195], [201, 202], [201, 206], [206, 207], [206, 225], [207, 208], [207, 215], [216, 217], [216, 219], [222, 206], [222, 223], [236, 237], [236, 244], [238, 239], [238, 240], [244, 245], [244, 251], [280, 281], [280, 284], [287, 288], [287, 290], [292, 293], [292, 297], [300, 301], [300, 308], [303, 304], [303, 305], [308, 309], [308, 318], [319, 320], [319, 379], [328, 329], [328, 336], [336, 337], [336, 375], [337, 336], [337, 338], [350, 351], [350, 355], [356, 336], [356, 357], [357, 358], [357, 370], [375, 376], [375, 377], [383, 384], [383, 385], [392, -391], [392, 393]]}, "": {"executed_lines": [4, 8, 9, 10, 12, 14, 15, 16, 21, 22, 29, 36, 42, 43, 45, 86, 90, 91, 97, 98, 104, 111, 136, 145, 157, 158, 161, 164, 175, 197, 227, 265, 279, 381, 387, 391, 395, 396, 402, 405], "summary": {"covered_lines": 38, "num_statements": 38, "percent_covered": 100.0, "percent_covered_display": "100.00", "missing_lines": 0, "excluded_lines": 0, "percent_statements_covered": 100.0, "percent_statements_covered_display": "100.00", "num_branches": 0, "num_partial_branches": 0, "covered_branches": 0, "missing_branches": 0, "percent_branches_covered": 100.0, "percent_branches_covered_display": "100.00"}, "missing_lines": [], "excluded_lines": [], "executed_branches": [], "missing_branches": []}}}, "src\\services\\validation_service.py": {"executed_lines": [1, 6, 7, 9, 11, 14, 15, 16, 17, 19, 21, 22, 23, 25, 26, 27, 28, 29, 30, 31, 32, 33, 35, 39], "summary": {"covered_lines": 23, "num_statements": 23, "percent_covered": 100.0, "percent_covered_display": "100.00", "missing_lines": 0, "excluded_lines": 0, "percent_statements_covered": 100.0, "percent_statements_covered_display": "100.00", "num_branches": 4, "num_partial_branches": 0, "covered_branches": 4, "missing_branches": 0, "percent_branches_covered": 100.0, "percent_branches_covered_display": "100.00"}, "missing_lines": [], "excluded_lines": [], "executed_branches": [[22, 23], [22, 25], [26, 27], [26, 28]], "missing_branches": [], "functions": {"ValidationService.__init__": {"executed_lines": [16, 17], "summary": {"covered_lines": 2, "num_statements": 2, "percent_covered": 100.0, "percent_covered_display": "100.00", "missing_lines": 0, "excluded_lines": 0, "percent_statements_covered": 100.0, "percent_statements_covered_display": "100.00", "num_branches": 0, "num_partial_branches": 0, "covered_branches": 0, "missing_branches": 0, "percent_branches_covered": 100.0, "percent_branches_covered_display": "100.00"}, "missing_lines": [], "excluded_lines": [], "executed_branches": [], "missing_branches": []}, "ValidationService.validate_pdf": {"executed_lines": [21, 22, 23, 25, 26, 27, 28, 29, 30, 31, 32, 33], "summary": {"covered_lines": 12, "num_statements": 12, "percent_covered": 100.0, "percent_covered_display": "100.00", "missing_lines": 0, "excluded_lines": 0, "percent_statements_covered": 100.0, "percent_statements_covered_display": "100.00", "num_branches": 4, "num_partial_branches": 0, "covered_branches": 4, "missing_branches": 0, "percent_branches_covered": 100.0, "percent_branches_covered_display": "100.00"}, "missing_lines": [], "excluded_lines": [], "executed_branches": [[22, 23], [22, 25], [26, 27], [26, 28]], "missing_branches": []}, "ValidationService.validate_download_result": {"executed_lines": [39], "summary": {"covered_lines": 1, "num_statements": 1, "percent_covered": 100.0, "percent_covered_display": "100.00", "missing_lines": 0, "excluded_lines": 0, "percent_statements_covered": 100.0, "percent_statements_covered_display": "100.00", "num_branches": 0, "num_partial_branches": 0, "covered_branches": 0, "missing_branches": 0, "percent_branches_covered": 100.0, "percent_branches_covered_display": "100.00"}, "missing_lines": [], "excluded_lines": [], "executed_branches": [], "missing_branches": []}, "": {"executed_lines": [1, 6, 7, 9, 11, 14, 15, 19, 35], "summary": {"covered_lines": 8, "num_statements": 8, "percent_covered": 100.0, "percent_covered_display": "100.00", "missing_lines": 0, "excluded_lines": 0, "percent_statements_covered": 100.0, "percent_statements_covered_display": "100.00", "num_branches": 0, "num_partial_branches": 0, "covered_branches": 0, "missing_branches": 0, "percent_branches_covered": 100.0, "percent_branches_covered_display": "100.00"}, "missing_lines": [], "excluded_lines": [], "executed_branches": [], "missing_branches": []}}, "classes": {"ValidationService": {"executed_lines": [16, 17, 21, 22, 23, 25, 26, 27, 28, 29, 30, 31, 32, 33, 39], "summary": {"covered_lines": 15, "num_statements": 15, "percent_covered": 100.0, "percent_covered_display": "100.00", "missing_lines": 0, "excluded_lines": 0, "percent_statements_covered": 100.0, "percent_statements_covered_display": "100.00", "num_branches": 4, "num_partial_branches": 0, "covered_branches": 4, "missing_branches": 0, "percent_branches_covered": 100.0, "percent_branches_covered_display": "100.00"}, "missing_lines": [], "excluded_lines": [], "executed_branches": [[22, 23], [22, 25], [26, 27], [26, 28]], "missing_branches": []}, "": {"executed_lines": [1, 6, 7, 9, 11, 14, 15, 19, 35], "summary": {"covered_lines": 8, "num_statements": 8, "percent_covered": 100.0, "percent_covered_display": "100.00", "missing_lines": 0, "excluded_lines": 0, "percent_statements_covered": 100.0, "percent_statements_covered_display": "100.00", "num_branches": 0, "num_partial_branches": 0, "covered_branches": 0, "missing_branches": 0, "percent_branches_covered": 100.0, "percent_branches_covered_display": "100.00"}, "missing_lines": [], "excluded_lines": [], "executed_branches": [], "missing_branches": []}}}}, "totals": {"covered_lines": 516, "num_statements": 1245, "percent_covered": 39.94726433750824, "percent_covered_display": "39.95", "missing_lines": 729, "excluded_lines": 1, "percent_statements_covered": 41.44578313253012, "percent_statements_covered_display": "41.45", "num_branches": 272, "num_partial_branches": 18, "covered_branches": 90, "missing_branches": 182, "percent_branches_covered": 33.088235294117645, "percent_branches_covered_display": "33.09"}}